<?xml version="1.0" encoding="UTF-8"?>
<testsuite xmlns:xsi="http://www.w3.org/2001/XMLSchema-instance" xsi:noNamespaceSchemaLocation="https://maven.apache.org/surefire/maven-failsafe-plugin/xsd/failsafe-test-report-3.0.xsd" version="3.0" name="RealiseMe.com.DefinitionTestSuite" time="78.22" tests="31" errors="2" skipped="3" failures="0">
  <properties>
    <property name="sun.desktop" value="gnome"/>
    <property name="awt.toolkit" value="sun.awt.X11.XToolkit"/>
    <property name="file.encoding.pkg" value="sun.io"/>
    <property name="java.specification.version" value="1.8"/>
    <property name="sun.cpu.isalist" value=""/>
    <property name="sun.jnu.encoding" value="UTF-8"/>
    <property name="java.class.path" value="/home/akuzikov/IdeaProjects/RealiseMecom/target/test-classes:/home/akuzikov/IdeaProjects/RealiseMecom/target/RealiseMe.com-1.0-SNAPSHOT.jar:/home/akuzikov/.m2/repository/org/seleniumhq/selenium/selenium-java/2.53.1/selenium-java-2.53.1.jar:/home/akuzikov/.m2/repository/org/seleniumhq/selenium/selenium-chrome-driver/2.53.1/selenium-chrome-driver-2.53.1.jar:/home/akuzikov/.m2/repository/org/seleniumhq/selenium/selenium-remote-driver/2.53.1/selenium-remote-driver-2.53.1.jar:/home/akuzikov/.m2/repository/org/seleniumhq/selenium/selenium-api/2.53.1/selenium-api-2.53.1.jar:/home/akuzikov/.m2/repository/org/seleniumhq/selenium/selenium-edge-driver/2.53.1/selenium-edge-driver-2.53.1.jar:/home/akuzikov/.m2/repository/commons-io/commons-io/2.4/commons-io-2.4.jar:/home/akuzikov/.m2/repository/org/apache/commons/commons-exec/1.3/commons-exec-1.3.jar:/home/akuzikov/.m2/repository/org/seleniumhq/selenium/selenium-firefox-driver/2.53.1/selenium-firefox-driver-2.53.1.jar:/home/akuzikov/.m2/repository/org/seleniumhq/selenium/selenium-ie-driver/2.53.1/selenium-ie-driver-2.53.1.jar:/home/akuzikov/.m2/repository/net/java/dev/jna/jna/4.1.0/jna-4.1.0.jar:/home/akuzikov/.m2/repository/net/java/dev/jna/jna-platform/4.1.0/jna-platform-4.1.0.jar:/home/akuzikov/.m2/repository/org/seleniumhq/selenium/selenium-safari-driver/2.53.1/selenium-safari-driver-2.53.1.jar:/home/akuzikov/.m2/repository/io/netty/netty/3.5.7.Final/netty-3.5.7.Final.jar:/home/akuzikov/.m2/repository/org/seleniumhq/selenium/selenium-support/2.53.1/selenium-support-2.53.1.jar:/home/akuzikov/.m2/repository/org/seleniumhq/selenium/selenium-leg-rc/2.53.1/selenium-leg-rc-2.53.1.jar:/home/akuzikov/.m2/repository/net/serenity-bdd/serenity-cucumber/1.1.23/serenity-cucumber-1.1.23.jar:/home/akuzikov/.m2/repository/net/serenity-bdd/serenity-core/1.2.2/serenity-core-1.2.2.jar:/home/akuzikov/.m2/repository/com/google/guava/guava/19.0/guava-19.0.jar:/home/akuzikov/.m2/repository/com/google/code/findbugs/jsr305/3.0.1/jsr305-3.0.1.jar:/home/akuzikov/.m2/repository/com/google/inject/guice/3.0/guice-3.0.jar:/home/akuzikov/.m2/repository/javax/inject/javax.inject/1/javax.inject-1.jar:/home/akuzikov/.m2/repository/aopalliance/aopalliance/1.0/aopalliance-1.0.jar:/home/akuzikov/.m2/repository/cglib/cglib/3.1/cglib-3.1.jar:/home/akuzikov/.m2/repository/org/ow2/asm/asm/5.0.3/asm-5.0.3.jar:/home/akuzikov/.m2/repository/xml-apis/xml-apis/1.4.01/xml-apis-1.4.01.jar:/home/akuzikov/.m2/repository/info/cukes/cucumber-core/1.2.5/cucumber-core-1.2.5.jar:/home/akuzikov/.m2/repository/info/cukes/cucumber-html/0.2.3/cucumber-html-0.2.3.jar:/home/akuzikov/.m2/repository/info/cukes/cucumber-jvm-deps/1.0.5/cucumber-jvm-deps-1.0.5.jar:/home/akuzikov/.m2/repository/info/cukes/gherkin/2.12.2/gherkin-2.12.2.jar:/home/akuzikov/.m2/repository/commons-logging/commons-logging/1.2/commons-logging-1.2.jar:/home/akuzikov/.m2/repository/org/mockito/mockito-core/1.10.19/mockito-core-1.10.19.jar:/home/akuzikov/.m2/repository/net/serenity-bdd/serenity-report-resources/1.2.2/serenity-report-resources-1.2.2.jar:/home/akuzikov/.m2/repository/com/google/code/gson/gson/2.6.1/gson-2.6.1.jar:/home/akuzikov/.m2/repository/com/opera/operadriver/1.5/operadriver-1.5.jar:/home/akuzikov/.m2/repository/com/opera/operalaunchers/1.1/operalaunchers-1.1.jar:/home/akuzikov/.m2/repository/com/google/protobuf/protobuf-java/2.4.1/protobuf-java-2.4.1.jar:/home/akuzikov/.m2/repository/commons-jxpath/commons-jxpath/1.3/commons-jxpath-1.3.jar:/home/akuzikov/.m2/repository/org/ini4j/ini4j/0.5.2/ini4j-0.5.2.jar:/home/akuzikov/.m2/repository/org/seleniumhq/selenium/selenium-server/2.53.1/selenium-server-2.53.1.jar:/home/akuzikov/.m2/repository/com/beust/jcommander/1.48/jcommander-1.48.jar:/home/akuzikov/.m2/repository/org/bouncycastle/bcprov-jdk15on/1.48/bcprov-jdk15on-1.48.jar:/home/akuzikov/.m2/repository/org/bouncycastle/bcpkix-jdk15on/1.48/bcpkix-jdk15on-1.48.jar:/home/akuzikov/.m2/repository/mx4j/mx4j-tools/3.0.1/mx4j-tools-3.0.1.jar:/home/akuzikov/.m2/repository/org/seleniumhq/selenium/jetty-repacked/9.2.13.v20150730/jetty-repacked-9.2.13.v20150730.jar:/home/akuzikov/.m2/repository/javax/servlet/javax.servlet-api/3.1.0/javax.servlet-api-3.1.0.jar:/home/akuzikov/.m2/repository/org/seleniumhq/selenium/jetty-rc-repacked/5/jetty-rc-repacked-5.jar:/home/akuzikov/.m2/repository/net/jcip/jcip-annotations/1.0/jcip-annotations-1.0.jar:/home/akuzikov/.m2/repository/org/yaml/snakeyaml/1.8/snakeyaml-1.8.jar:/home/akuzikov/.m2/repository/com/codeborne/phantomjsdriver/1.2.1/phantomjsdriver-1.2.1.jar:/home/akuzikov/.m2/repository/io/appium/java-client/4.0.0/java-client-4.0.0.jar:/home/akuzikov/.m2/repository/commons-validator/commons-validator/1.5.0/commons-validator-1.5.0.jar:/home/akuzikov/.m2/repository/commons-beanutils/commons-beanutils/1.9.2/commons-beanutils-1.9.2.jar:/home/akuzikov/.m2/repository/commons-digester/commons-digester/1.8.1/commons-digester-1.8.1.jar:/home/akuzikov/.m2/repository/org/codehaus/groovy/groovy/2.4.4/groovy-2.4.4.jar:/home/akuzikov/.m2/repository/net/sf/opencsv/opencsv/2.0/opencsv-2.0.jar:/home/akuzikov/.m2/repository/commons-beanutils/commons-beanutils-core/1.8.3/commons-beanutils-core-1.8.3.jar:/home/akuzikov/.m2/repository/joda-time/joda-time/2.7/joda-time-2.7.jar:/home/akuzikov/.m2/repository/com/thoughtworks/xstream/xstream/1.4.9/xstream-1.4.9.jar:/home/akuzikov/.m2/repository/xmlpull/xmlpull/1.1.3.1/xmlpull-1.1.3.1.jar:/home/akuzikov/.m2/repository/xpp3/xpp3_min/1.1.4c/xpp3_min-1.1.4c.jar:/home/akuzikov/.m2/repository/org/apache/commons/commons-lang3/3.4/commons-lang3-3.4.jar:/home/akuzikov/.m2/repository/org/freemarker/freemarker/2.3.23/freemarker-2.3.23.jar:/home/akuzikov/.m2/repository/net/sourceforge/jexcelapi/jxl/2.6.12/jxl-2.6.12.jar:/home/akuzikov/.m2/repository/org/hamcrest/hamcrest-library/1.3/hamcrest-library-1.3.jar:/home/akuzikov/.m2/repository/org/apache/httpcomponents/httpclient/4.5.2/httpclient-4.5.2.jar:/home/akuzikov/.m2/repository/org/apache/httpcomponents/httpcore/4.4.4/httpcore-4.4.4.jar:/home/akuzikov/.m2/repository/org/apache/httpcomponents/httpmime/4.5.2/httpmime-4.5.2.jar:/home/akuzikov/.m2/repository/org/fluentlenium/fluentlenium-core/0.10.2/fluentlenium-core-0.10.2.jar:/home/akuzikov/.m2/repository/com/jhlabs/filters/2.0.235/filters-2.0.235.jar:/home/akuzikov/.m2/repository/org/asciidoctor/asciidoctor-java-integration/0.1.4/asciidoctor-java-integration-0.1.4.jar:/home/akuzikov/.m2/repository/org/jruby/jruby-complete/1.7.4/jruby-complete-1.7.4.jar:/home/akuzikov/.m2/repository/org/imgscalr/imgscalr-lib/4.2/imgscalr-lib-4.2.jar:/home/akuzikov/.m2/repository/javax/validation/validation-api/1.1.0.Final/validation-api-1.1.0.Final.jar:/home/akuzikov/.m2/repository/org/hibernate/hibernate-validator/5.1.1.Final/hibernate-validator-5.1.1.Final.jar:/home/akuzikov/.m2/repository/org/jboss/logging/jboss-logging/3.1.3.GA/jboss-logging-3.1.3.GA.jar:/home/akuzikov/.m2/repository/com/fasterxml/classmate/1.0.0/classmate-1.0.0.jar:/home/akuzikov/.m2/repository/javax/el/javax.el-api/2.2.4/javax.el-api-2.2.4.jar:/home/akuzikov/.m2/repository/org/glassfish/web/javax.el/2.2.4/javax.el-2.2.4.jar:/home/akuzikov/.m2/repository/xalan/xalan/2.7.2/xalan-2.7.2.jar:/home/akuzikov/.m2/repository/xalan/serializer/2.7.2/serializer-2.7.2.jar:/home/akuzikov/.m2/repository/com/jayway/awaitility/awaitility/1.6.3/awaitility-1.6.3.jar:/home/akuzikov/.m2/repository/com/typesafe/config/1.2.1/config-1.2.1.jar:/home/akuzikov/.m2/repository/org/jsoup/jsoup/1.9.2/jsoup-1.9.2.jar:/home/akuzikov/.m2/repository/com/google/jimfs/jimfs/1.0/jimfs-1.0.jar:/home/akuzikov/.m2/repository/es/nitaur/markdown/txtmark/0.16/txtmark-0.16.jar:/home/akuzikov/.m2/repository/net/serenity-bdd/serenity-screenplay/1.2.2/serenity-screenplay-1.2.2.jar:/home/akuzikov/.m2/repository/net/serenity-bdd/serenity-screenplay-webdriver/1.2.2/serenity-screenplay-webdriver-1.2.2.jar:/home/akuzikov/.m2/repository/info/cukes/cucumber-java/1.2.5/cucumber-java-1.2.5.jar:/home/akuzikov/.m2/repository/info/cukes/cucumber-junit/1.2.5/cucumber-junit-1.2.5.jar:/home/akuzikov/.m2/repository/org/slf4j/slf4j-simple/1.7.23/slf4j-simple-1.7.23.jar:/home/akuzikov/.m2/repository/org/slf4j/slf4j-api/1.7.23/slf4j-api-1.7.23.jar:/home/akuzikov/.m2/repository/junit/junit/4.12/junit-4.12.jar:/home/akuzikov/.m2/repository/org/hamcrest/hamcrest-core/1.3/hamcrest-core-1.3.jar:/home/akuzikov/.m2/repository/org/assertj/assertj-core/3.6.2/assertj-core-3.6.2.jar:/home/akuzikov/.m2/repository/com/googlecode/lambdaj/lambdaj/2.3.3/lambdaj-2.3.3.jar:/home/akuzikov/.m2/repository/org/hamcrest/hamcrest-all/1.1/hamcrest-all-1.1.jar:/home/akuzikov/.m2/repository/org/objenesis/objenesis/1.2/objenesis-1.2.jar:/home/akuzikov/.m2/repository/cglib/cglib-nodep/2.2/cglib-nodep-2.2.jar:/home/akuzikov/.m2/repository/org/seleniumhq/selenium/htmlunit-driver/2.20/htmlunit-driver-2.20.jar:/home/akuzikov/.m2/repository/net/sourceforge/htmlunit/htmlunit/2.20/htmlunit-2.20.jar:/home/akuzikov/.m2/repository/net/sourceforge/htmlunit/htmlunit-core-js/2.17/htmlunit-core-js-2.17.jar:/home/akuzikov/.m2/repository/xerces/xercesImpl/2.11.0/xercesImpl-2.11.0.jar:/home/akuzikov/.m2/repository/net/sourceforge/nekohtml/nekohtml/1.9.22/nekohtml-1.9.22.jar:/home/akuzikov/.m2/repository/net/sourceforge/cssparser/cssparser/0.9.18/cssparser-0.9.18.jar:/home/akuzikov/.m2/repository/org/w3c/css/sac/1.3/sac-1.3.jar:/home/akuzikov/.m2/repository/org/eclipse/jetty/websocket/websocket-client/9.2.15.v20160210/websocket-client-9.2.15.v20160210.jar:/home/akuzikov/.m2/repository/org/eclipse/jetty/jetty-util/9.2.15.v20160210/jetty-util-9.2.15.v20160210.jar:/home/akuzikov/.m2/repository/org/eclipse/jetty/jetty-io/9.2.15.v20160210/jetty-io-9.2.15.v20160210.jar:/home/akuzikov/.m2/repository/org/eclipse/jetty/websocket/websocket-common/9.2.15.v20160210/websocket-common-9.2.15.v20160210.jar:/home/akuzikov/.m2/repository/org/eclipse/jetty/websocket/websocket-api/9.2.15.v20160210/websocket-api-9.2.15.v20160210.jar:/home/akuzikov/.m2/repository/commons-collections/commons-collections/3.2.2/commons-collections-3.2.2.jar:/home/akuzikov/.m2/repository/org/apache/poi/poi/3.15/poi-3.15.jar:/home/akuzikov/.m2/repository/commons-codec/commons-codec/1.10/commons-codec-1.10.jar:/home/akuzikov/.m2/repository/org/apache/commons/commons-collections4/4.1/commons-collections4-4.1.jar:"/>
    <property name="java.vm.vendor" value="Oracle Corporation"/>
    <property name="sun.arch.data.model" value="64"/>
    <property name="java.vendor.url" value="http://java.oracle.com/"/>
    <property name="user.timezone" value=""/>
    <property name="java.vm.specification.version" value="1.8"/>
    <property name="os.name" value="Linux"/>
    <property name="user.country" value="US"/>
    <property name="sun.java.launcher" value="SUN_STANDARD"/>
    <property name="sun.boot.library.path" value="/opt/jdk1.8.0_102/jre/lib/amd64"/>
    <property name="sun.java.command" value="/home/akuzikov/IdeaProjects/RealiseMecom/target/surefire/surefirebooter8303716585583304241.jar /home/akuzikov/IdeaProjects/RealiseMecom/target/surefire 2019-01-18T20-20-46_459-jvmRun1 surefire2593056905783133218tmp surefire_03535205222300679632tmp"/>
    <property name="surefire.test.class.path" value="/home/akuzikov/IdeaProjects/RealiseMecom/target/test-classes:/home/akuzikov/IdeaProjects/RealiseMecom/target/RealiseMe.com-1.0-SNAPSHOT.jar:/home/akuzikov/.m2/repository/org/seleniumhq/selenium/selenium-java/2.53.1/selenium-java-2.53.1.jar:/home/akuzikov/.m2/repository/org/seleniumhq/selenium/selenium-chrome-driver/2.53.1/selenium-chrome-driver-2.53.1.jar:/home/akuzikov/.m2/repository/org/seleniumhq/selenium/selenium-remote-driver/2.53.1/selenium-remote-driver-2.53.1.jar:/home/akuzikov/.m2/repository/org/seleniumhq/selenium/selenium-api/2.53.1/selenium-api-2.53.1.jar:/home/akuzikov/.m2/repository/org/seleniumhq/selenium/selenium-edge-driver/2.53.1/selenium-edge-driver-2.53.1.jar:/home/akuzikov/.m2/repository/commons-io/commons-io/2.4/commons-io-2.4.jar:/home/akuzikov/.m2/repository/org/apache/commons/commons-exec/1.3/commons-exec-1.3.jar:/home/akuzikov/.m2/repository/org/seleniumhq/selenium/selenium-firefox-driver/2.53.1/selenium-firefox-driver-2.53.1.jar:/home/akuzikov/.m2/repository/org/seleniumhq/selenium/selenium-ie-driver/2.53.1/selenium-ie-driver-2.53.1.jar:/home/akuzikov/.m2/repository/net/java/dev/jna/jna/4.1.0/jna-4.1.0.jar:/home/akuzikov/.m2/repository/net/java/dev/jna/jna-platform/4.1.0/jna-platform-4.1.0.jar:/home/akuzikov/.m2/repository/org/seleniumhq/selenium/selenium-safari-driver/2.53.1/selenium-safari-driver-2.53.1.jar:/home/akuzikov/.m2/repository/io/netty/netty/3.5.7.Final/netty-3.5.7.Final.jar:/home/akuzikov/.m2/repository/org/seleniumhq/selenium/selenium-support/2.53.1/selenium-support-2.53.1.jar:/home/akuzikov/.m2/repository/org/seleniumhq/selenium/selenium-leg-rc/2.53.1/selenium-leg-rc-2.53.1.jar:/home/akuzikov/.m2/repository/net/serenity-bdd/serenity-cucumber/1.1.23/serenity-cucumber-1.1.23.jar:/home/akuzikov/.m2/repository/net/serenity-bdd/serenity-core/1.2.2/serenity-core-1.2.2.jar:/home/akuzikov/.m2/repository/com/google/guava/guava/19.0/guava-19.0.jar:/home/akuzikov/.m2/repository/com/google/code/findbugs/jsr305/3.0.1/jsr305-3.0.1.jar:/home/akuzikov/.m2/repository/com/google/inject/guice/3.0/guice-3.0.jar:/home/akuzikov/.m2/repository/javax/inject/javax.inject/1/javax.inject-1.jar:/home/akuzikov/.m2/repository/aopalliance/aopalliance/1.0/aopalliance-1.0.jar:/home/akuzikov/.m2/repository/cglib/cglib/3.1/cglib-3.1.jar:/home/akuzikov/.m2/repository/org/ow2/asm/asm/5.0.3/asm-5.0.3.jar:/home/akuzikov/.m2/repository/xml-apis/xml-apis/1.4.01/xml-apis-1.4.01.jar:/home/akuzikov/.m2/repository/info/cukes/cucumber-core/1.2.5/cucumber-core-1.2.5.jar:/home/akuzikov/.m2/repository/info/cukes/cucumber-html/0.2.3/cucumber-html-0.2.3.jar:/home/akuzikov/.m2/repository/info/cukes/cucumber-jvm-deps/1.0.5/cucumber-jvm-deps-1.0.5.jar:/home/akuzikov/.m2/repository/info/cukes/gherkin/2.12.2/gherkin-2.12.2.jar:/home/akuzikov/.m2/repository/commons-logging/commons-logging/1.2/commons-logging-1.2.jar:/home/akuzikov/.m2/repository/org/mockito/mockito-core/1.10.19/mockito-core-1.10.19.jar:/home/akuzikov/.m2/repository/net/serenity-bdd/serenity-report-resources/1.2.2/serenity-report-resources-1.2.2.jar:/home/akuzikov/.m2/repository/com/google/code/gson/gson/2.6.1/gson-2.6.1.jar:/home/akuzikov/.m2/repository/com/opera/operadriver/1.5/operadriver-1.5.jar:/home/akuzikov/.m2/repository/com/opera/operalaunchers/1.1/operalaunchers-1.1.jar:/home/akuzikov/.m2/repository/com/google/protobuf/protobuf-java/2.4.1/protobuf-java-2.4.1.jar:/home/akuzikov/.m2/repository/commons-jxpath/commons-jxpath/1.3/commons-jxpath-1.3.jar:/home/akuzikov/.m2/repository/org/ini4j/ini4j/0.5.2/ini4j-0.5.2.jar:/home/akuzikov/.m2/repository/org/seleniumhq/selenium/selenium-server/2.53.1/selenium-server-2.53.1.jar:/home/akuzikov/.m2/repository/com/beust/jcommander/1.48/jcommander-1.48.jar:/home/akuzikov/.m2/repository/org/bouncycastle/bcprov-jdk15on/1.48/bcprov-jdk15on-1.48.jar:/home/akuzikov/.m2/repository/org/bouncycastle/bcpkix-jdk15on/1.48/bcpkix-jdk15on-1.48.jar:/home/akuzikov/.m2/repository/mx4j/mx4j-tools/3.0.1/mx4j-tools-3.0.1.jar:/home/akuzikov/.m2/repository/org/seleniumhq/selenium/jetty-repacked/9.2.13.v20150730/jetty-repacked-9.2.13.v20150730.jar:/home/akuzikov/.m2/repository/javax/servlet/javax.servlet-api/3.1.0/javax.servlet-api-3.1.0.jar:/home/akuzikov/.m2/repository/org/seleniumhq/selenium/jetty-rc-repacked/5/jetty-rc-repacked-5.jar:/home/akuzikov/.m2/repository/net/jcip/jcip-annotations/1.0/jcip-annotations-1.0.jar:/home/akuzikov/.m2/repository/org/yaml/snakeyaml/1.8/snakeyaml-1.8.jar:/home/akuzikov/.m2/repository/com/codeborne/phantomjsdriver/1.2.1/phantomjsdriver-1.2.1.jar:/home/akuzikov/.m2/repository/io/appium/java-client/4.0.0/java-client-4.0.0.jar:/home/akuzikov/.m2/repository/commons-validator/commons-validator/1.5.0/commons-validator-1.5.0.jar:/home/akuzikov/.m2/repository/commons-beanutils/commons-beanutils/1.9.2/commons-beanutils-1.9.2.jar:/home/akuzikov/.m2/repository/commons-digester/commons-digester/1.8.1/commons-digester-1.8.1.jar:/home/akuzikov/.m2/repository/org/codehaus/groovy/groovy/2.4.4/groovy-2.4.4.jar:/home/akuzikov/.m2/repository/net/sf/opencsv/opencsv/2.0/opencsv-2.0.jar:/home/akuzikov/.m2/repository/commons-beanutils/commons-beanutils-core/1.8.3/commons-beanutils-core-1.8.3.jar:/home/akuzikov/.m2/repository/joda-time/joda-time/2.7/joda-time-2.7.jar:/home/akuzikov/.m2/repository/com/thoughtworks/xstream/xstream/1.4.9/xstream-1.4.9.jar:/home/akuzikov/.m2/repository/xmlpull/xmlpull/1.1.3.1/xmlpull-1.1.3.1.jar:/home/akuzikov/.m2/repository/xpp3/xpp3_min/1.1.4c/xpp3_min-1.1.4c.jar:/home/akuzikov/.m2/repository/org/apache/commons/commons-lang3/3.4/commons-lang3-3.4.jar:/home/akuzikov/.m2/repository/org/freemarker/freemarker/2.3.23/freemarker-2.3.23.jar:/home/akuzikov/.m2/repository/net/sourceforge/jexcelapi/jxl/2.6.12/jxl-2.6.12.jar:/home/akuzikov/.m2/repository/org/hamcrest/hamcrest-library/1.3/hamcrest-library-1.3.jar:/home/akuzikov/.m2/repository/org/apache/httpcomponents/httpclient/4.5.2/httpclient-4.5.2.jar:/home/akuzikov/.m2/repository/org/apache/httpcomponents/httpcore/4.4.4/httpcore-4.4.4.jar:/home/akuzikov/.m2/repository/org/apache/httpcomponents/httpmime/4.5.2/httpmime-4.5.2.jar:/home/akuzikov/.m2/repository/org/fluentlenium/fluentlenium-core/0.10.2/fluentlenium-core-0.10.2.jar:/home/akuzikov/.m2/repository/com/jhlabs/filters/2.0.235/filters-2.0.235.jar:/home/akuzikov/.m2/repository/org/asciidoctor/asciidoctor-java-integration/0.1.4/asciidoctor-java-integration-0.1.4.jar:/home/akuzikov/.m2/repository/org/jruby/jruby-complete/1.7.4/jruby-complete-1.7.4.jar:/home/akuzikov/.m2/repository/org/imgscalr/imgscalr-lib/4.2/imgscalr-lib-4.2.jar:/home/akuzikov/.m2/repository/javax/validation/validation-api/1.1.0.Final/validation-api-1.1.0.Final.jar:/home/akuzikov/.m2/repository/org/hibernate/hibernate-validator/5.1.1.Final/hibernate-validator-5.1.1.Final.jar:/home/akuzikov/.m2/repository/org/jboss/logging/jboss-logging/3.1.3.GA/jboss-logging-3.1.3.GA.jar:/home/akuzikov/.m2/repository/com/fasterxml/classmate/1.0.0/classmate-1.0.0.jar:/home/akuzikov/.m2/repository/javax/el/javax.el-api/2.2.4/javax.el-api-2.2.4.jar:/home/akuzikov/.m2/repository/org/glassfish/web/javax.el/2.2.4/javax.el-2.2.4.jar:/home/akuzikov/.m2/repository/xalan/xalan/2.7.2/xalan-2.7.2.jar:/home/akuzikov/.m2/repository/xalan/serializer/2.7.2/serializer-2.7.2.jar:/home/akuzikov/.m2/repository/com/jayway/awaitility/awaitility/1.6.3/awaitility-1.6.3.jar:/home/akuzikov/.m2/repository/com/typesafe/config/1.2.1/config-1.2.1.jar:/home/akuzikov/.m2/repository/org/jsoup/jsoup/1.9.2/jsoup-1.9.2.jar:/home/akuzikov/.m2/repository/com/google/jimfs/jimfs/1.0/jimfs-1.0.jar:/home/akuzikov/.m2/repository/es/nitaur/markdown/txtmark/0.16/txtmark-0.16.jar:/home/akuzikov/.m2/repository/net/serenity-bdd/serenity-screenplay/1.2.2/serenity-screenplay-1.2.2.jar:/home/akuzikov/.m2/repository/net/serenity-bdd/serenity-screenplay-webdriver/1.2.2/serenity-screenplay-webdriver-1.2.2.jar:/home/akuzikov/.m2/repository/info/cukes/cucumber-java/1.2.5/cucumber-java-1.2.5.jar:/home/akuzikov/.m2/repository/info/cukes/cucumber-junit/1.2.5/cucumber-junit-1.2.5.jar:/home/akuzikov/.m2/repository/org/slf4j/slf4j-simple/1.7.23/slf4j-simple-1.7.23.jar:/home/akuzikov/.m2/repository/org/slf4j/slf4j-api/1.7.23/slf4j-api-1.7.23.jar:/home/akuzikov/.m2/repository/junit/junit/4.12/junit-4.12.jar:/home/akuzikov/.m2/repository/org/hamcrest/hamcrest-core/1.3/hamcrest-core-1.3.jar:/home/akuzikov/.m2/repository/org/assertj/assertj-core/3.6.2/assertj-core-3.6.2.jar:/home/akuzikov/.m2/repository/com/googlecode/lambdaj/lambdaj/2.3.3/lambdaj-2.3.3.jar:/home/akuzikov/.m2/repository/org/hamcrest/hamcrest-all/1.1/hamcrest-all-1.1.jar:/home/akuzikov/.m2/repository/org/objenesis/objenesis/1.2/objenesis-1.2.jar:/home/akuzikov/.m2/repository/cglib/cglib-nodep/2.2/cglib-nodep-2.2.jar:/home/akuzikov/.m2/repository/org/seleniumhq/selenium/htmlunit-driver/2.20/htmlunit-driver-2.20.jar:/home/akuzikov/.m2/repository/net/sourceforge/htmlunit/htmlunit/2.20/htmlunit-2.20.jar:/home/akuzikov/.m2/repository/net/sourceforge/htmlunit/htmlunit-core-js/2.17/htmlunit-core-js-2.17.jar:/home/akuzikov/.m2/repository/xerces/xercesImpl/2.11.0/xercesImpl-2.11.0.jar:/home/akuzikov/.m2/repository/net/sourceforge/nekohtml/nekohtml/1.9.22/nekohtml-1.9.22.jar:/home/akuzikov/.m2/repository/net/sourceforge/cssparser/cssparser/0.9.18/cssparser-0.9.18.jar:/home/akuzikov/.m2/repository/org/w3c/css/sac/1.3/sac-1.3.jar:/home/akuzikov/.m2/repository/org/eclipse/jetty/websocket/websocket-client/9.2.15.v20160210/websocket-client-9.2.15.v20160210.jar:/home/akuzikov/.m2/repository/org/eclipse/jetty/jetty-util/9.2.15.v20160210/jetty-util-9.2.15.v20160210.jar:/home/akuzikov/.m2/repository/org/eclipse/jetty/jetty-io/9.2.15.v20160210/jetty-io-9.2.15.v20160210.jar:/home/akuzikov/.m2/repository/org/eclipse/jetty/websocket/websocket-common/9.2.15.v20160210/websocket-common-9.2.15.v20160210.jar:/home/akuzikov/.m2/repository/org/eclipse/jetty/websocket/websocket-api/9.2.15.v20160210/websocket-api-9.2.15.v20160210.jar:/home/akuzikov/.m2/repository/commons-collections/commons-collections/3.2.2/commons-collections-3.2.2.jar:/home/akuzikov/.m2/repository/org/apache/poi/poi/3.15/poi-3.15.jar:/home/akuzikov/.m2/repository/commons-codec/commons-codec/1.10/commons-codec-1.10.jar:/home/akuzikov/.m2/repository/org/apache/commons/commons-collections4/4.1/commons-collections4-4.1.jar:"/>
    <property name="sun.cpu.endian" value="little"/>
    <property name="user.home" value="/home/akuzikov"/>
    <property name="user.language" value="en"/>
    <property name="java.specification.vendor" value="Oracle Corporation"/>
    <property name="java.home" value="/opt/jdk1.8.0_102/jre"/>
    <property name="basedir" value="/home/akuzikov/IdeaProjects/RealiseMecom"/>
    <property name="file.separator" value="/"/>
    <property name="line.separator" value="&#10;"/>
    <property name="java.vm.specification.vendor" value="Oracle Corporation"/>
    <property name="java.specification.name" value="Java Platform API Specification"/>
    <property name="java.awt.graphicsenv" value="sun.awt.X11GraphicsEnvironment"/>
    <property name="surefire.real.class.path" value="/home/akuzikov/IdeaProjects/RealiseMecom/target/surefire/surefirebooter8303716585583304241.jar"/>
    <property name="sun.boot.class.path" value="/opt/jdk1.8.0_102/jre/lib/resources.jar:/opt/jdk1.8.0_102/jre/lib/rt.jar:/opt/jdk1.8.0_102/jre/lib/sunrsasign.jar:/opt/jdk1.8.0_102/jre/lib/jsse.jar:/opt/jdk1.8.0_102/jre/lib/jce.jar:/opt/jdk1.8.0_102/jre/lib/charsets.jar:/opt/jdk1.8.0_102/jre/lib/jfr.jar:/opt/jdk1.8.0_102/jre/classes"/>
    <property name="sun.management.compiler" value="HotSpot 64-Bit Tiered Compilers"/>
    <property name="java.runtime.version" value="1.8.0_102-b14"/>
    <property name="user.name" value="akuzikov"/>
    <property name="path.separator" value=":"/>
    <property name="os.version" value="4.4.0-141-generic"/>
    <property name="java.endorsed.dirs" value="/opt/jdk1.8.0_102/jre/lib/endorsed"/>
    <property name="java.runtime.name" value="Java(TM) SE Runtime Environment"/>
    <property name="file.encoding" value="UTF-8"/>
    <property name="java.vm.name" value="Java HotSpot(TM) 64-Bit Server VM"/>
    <property name="localRepository" value="/home/akuzikov/.m2/repository"/>
    <property name="java.vendor.url.bug" value="http://bugreport.sun.com/bugreport/"/>
    <property name="java.io.tmpdir" value="/tmp"/>
    <property name="idea.version" value="2017.2"/>
    <property name="java.version" value="1.8.0_102"/>
    <property name="user.dir" value="/home/akuzikov/IdeaProjects/RealiseMecom"/>
    <property name="os.arch" value="amd64"/>
    <property name="java.vm.specification.name" value="Java Virtual Machine Specification"/>
    <property name="java.awt.printerjob" value="sun.print.PSPrinterJob"/>
    <property name="sun.os.patch.level" value="unknown"/>
    <property name="java.library.path" value="/opt/idea-IU-172.3317.76/bin::/usr/java/packages/lib/amd64:/usr/lib64:/lib64:/lib:/usr/lib"/>
    <property name="java.vm.info" value="mixed mode"/>
    <property name="java.vendor" value="Oracle Corporation"/>
    <property name="java.vm.version" value="25.102-b14"/>
    <property name="java.ext.dirs" value="/opt/jdk1.8.0_102/jre/lib/ext:/usr/java/packages/lib/ext"/>
    <property name="sun.io.unicode.encoding" value="UnicodeLittle"/>
    <property name="java.class.version" value="52.0"/>
  </properties>
  <testcase name="Given open landing page" classname="Scenario: Create booking with required fields" time="0.001"/>
  <testcase name="When click on the agree button at the banner" classname="Scenario: Create booking with required fields" time="0"/>
  <testcase name="When Click on the login button" classname="Scenario: Create booking with required fields" time="0.002"/>
  <testcase name="When Click on the school &quot;Login as a school&quot; button" classname="Scenario: Create booking with required fields" time="0"/>
  <testcase name="When Enter login &quot;newtestschool2@yopmail.com&quot;" classname="Scenario: Create booking with required fields" time="0"/>
  <testcase name="When Enter password &quot;Test123!&quot;" classname="Scenario: Create booking with required fields" time="0"/>
  <testcase name="When Click on the Log in button" classname="Scenario: Create booking with required fields" time="0"/>
  <testcase name="When Click on the &quot;bookings&quot; button in the header" classname="Scenario: Create booking with required fields" time="0"/>
  <testcase name="When Click on the &quot;New Supply Booking&quot; button" classname="Scenario: Create booking with required fields" time="0"/>
  <testcase name="Then New Supply Booking page contains all necessary text:" classname="Scenario: Create booking with required fields" time="0"/>
  <testcase name="When Click on the &quot;SHOW RESULTS&quot; button" classname="Scenario: Create booking with required fields" time="0"/>
  <testcase name="When Click on the &quot;SHOW RESULTS&quot; button" classname="Scenario: Create booking with required fields" time="0"/>
  <testcase name="Then The &quot;name&quot; field is highlighted red" classname="Scenario: Create booking with required fields" time="0"/>
  <testcase name="When Enter text to the Name your job posting field" classname="Scenario: Create booking with required fields" time="0"/>
  <testcase name="When Enter text to the Describe the job field" classname="Scenario: Create booking with required fields" time="0"/>
  <testcase name="When Choose &quot;Teacher&quot; checkbox" classname="Scenario: Create booking with required fields" time="0"/>
  <testcase name="When Choose &quot;TA&quot; checkbox" classname="Scenario: Create booking with required fields" time="0"/>
  <testcase name="When Choose &quot;I want to save this search for future use&quot; checkbox" classname="Scenario: Create booking with required fields" time="0"/>
  <testcase name="When Choose full day &quot;23&quot; in the &quot;2&quot; month of available calendar" classname="Scenario: Create booking with required fields" time="0"/>
  <testcase name="When Choose half day &quot;15&quot; in the &quot;2&quot; month of available calendar" classname="Scenario: Create booking with required fields" time="0"/>
  <testcase name="When Choose full day start time &quot;8:00&quot;" classname="Scenario: Create booking with required fields" time="0"/>
  <testcase name="When Choose full day end time &quot;17:00&quot;" classname="Scenario: Create booking with required fields" time="0"/>
  <testcase name="When Choose half day start time &quot;11:00&quot;" classname="Scenario: Create booking with required fields" time="0"/>
  <testcase name="When Choose half day end time &quot;15:00&quot;" classname="Scenario: Create booking with required fields" time="0"/>
  <testcase name="When Enter &quot;200&quot; rate" classname="Scenario: Create booking with required fields" time="0"/>
  <testcase name="When Choose &quot;I want to invite top THREE candidates&quot; checkbox" classname="Scenario: Create booking with required fields" time="0"/>
  <testcase name="When Close popup" classname="Scenario: Create booking with required fields" time="0.005">
    <error message="no such element: Unable to locate element: {&quot;method&quot;:&quot;xpath&quot;,&quot;selector&quot;:&quot;//div[contains(@class,&apos;g--active dialog&apos;)]//div[@class=&apos;close&apos;]&quot;}&#10;  (Session info: chrome=71.0.3578.98)&#10;  (Driver info: chromedriver=2.38.552522 (437e6fbedfa8762dec75e2c5b3ddb86763dc9dcb),platform=Linux 4.4.0-141-generic x86_64) (WARNING: The server did not provide any stacktrace information)&#10;Command duration or timeout: 5.03 seconds&#10;For documentation on this error, please visit: http://seleniumhq.org/exceptions/no_such_element.html&#10;Build info: version: &apos;2.53.1&apos;, revision: &apos;a36b8b1cd5757287168e54b817830adce9b0158d&apos;, time: &apos;2016-06-30 19:26:09&apos;&#10;System info: host: &apos;SB-87&apos;, ip: &apos;127.0.1.1&apos;, os.name: &apos;Linux&apos;, os.arch: &apos;amd64&apos;, os.version: &apos;4.4.0-141-generic&apos;, java.version: &apos;1.8.0_102&apos;&#10;Driver info: org.openqa.selenium.chrome.ChromeDriver&#10;Capabilities [{applicationCacheEnabled=false, rotatable=false, mobileEmulationEnabled=false, networkConnectionEnabled=false, chrome={chromedriverVersion=2.38.552522 (437e6fbedfa8762dec75e2c5b3ddb86763dc9dcb), userDataDir=/tmp/.org.chromium.Chromium.KBtqzo}, takesHeapSnapshot=true, pageLoadStrategy=normal, databaseEnabled=false, handlesAlerts=true, hasTouchScreen=false, version=71.0.3578.98, platform=LINUX, browserConnectionEnabled=false, nativeEvents=true, acceptSslCerts=false, acceptInsecureCerts=false, locationContextEnabled=true, webStorageEnabled=true, browserName=chrome, takesScreenshot=true, javascriptEnabled=true, cssSelectorsEnabled=true, setWindowRect=true, unexpectedAlertBehaviour=}]&#10;Session ID: ae096cbf2895091fff82786c42320646&#10;*** Element info: {Using=xpath, value=//div[contains(@class,&apos;g--active dialog&apos;)]//div[@class=&apos;close&apos;]}" type="net.serenitybdd.core.exceptions.SerenityManagedException">net.serenitybdd.core.exceptions.SerenityManagedException: 
no such element: Unable to locate element: {"method":"xpath","selector":"//div[contains(@class,'g--active dialog')]//div[@class='close']"}
  (Session info: chrome=71.0.3578.98)
  (Driver info: chromedriver=2.38.552522 (437e6fbedfa8762dec75e2c5b3ddb86763dc9dcb),platform=Linux 4.4.0-141-generic x86_64) (WARNING: The server did not provide any stacktrace information)
Command duration or timeout: 5.03 seconds
For documentation on this error, please visit: http://seleniumhq.org/exceptions/no_such_element.html
Build info: version: '2.53.1', revision: 'a36b8b1cd5757287168e54b817830adce9b0158d', time: '2016-06-30 19:26:09'
System info: host: 'SB-87', ip: '127.0.1.1', os.name: 'Linux', os.arch: 'amd64', os.version: '4.4.0-141-generic', java.version: '1.8.0_102'
Driver info: org.openqa.selenium.chrome.ChromeDriver
Capabilities [{applicationCacheEnabled=false, rotatable=false, mobileEmulationEnabled=false, networkConnectionEnabled=false, chrome={chromedriverVersion=2.38.552522 (437e6fbedfa8762dec75e2c5b3ddb86763dc9dcb), userDataDir=/tmp/.org.chromium.Chromium.KBtqzo}, takesHeapSnapshot=true, pageLoadStrategy=normal, databaseEnabled=false, handlesAlerts=true, hasTouchScreen=false, version=71.0.3578.98, platform=LINUX, browserConnectionEnabled=false, nativeEvents=true, acceptSslCerts=false, acceptInsecureCerts=false, locationContextEnabled=true, webStorageEnabled=true, browserName=chrome, takesScreenshot=true, javascriptEnabled=true, cssSelectorsEnabled=true, setWindowRect=true, unexpectedAlertBehaviour=}]
Session ID: ae096cbf2895091fff82786c42320646
*** Element info: {Using=xpath, value=//div[contains(@class,'g--active dialog')]//div[@class='close']}
</error>
  </testcase>
  <testcase name="Scenario: Create booking with required fields" classname="Scenario: Create booking with required fields" time="0.006">
    <error message="no such element: Unable to locate element: {&quot;method&quot;:&quot;xpath&quot;,&quot;selector&quot;:&quot;//div[contains(@class,&apos;g--active dialog&apos;)]//div[@class=&apos;close&apos;]&quot;}&#10;  (Session info: chrome=71.0.3578.98)&#10;  (Driver info: chromedriver=2.38.552522 (437e6fbedfa8762dec75e2c5b3ddb86763dc9dcb),platform=Linux 4.4.0-141-generic x86_64) (WARNING: The server did not provide any stacktrace information)&#10;Command duration or timeout: 5.03 seconds&#10;For documentation on this error, please visit: http://seleniumhq.org/exceptions/no_such_element.html&#10;Build info: version: &apos;2.53.1&apos;, revision: &apos;a36b8b1cd5757287168e54b817830adce9b0158d&apos;, time: &apos;2016-06-30 19:26:09&apos;&#10;System info: host: &apos;SB-87&apos;, ip: &apos;127.0.1.1&apos;, os.name: &apos;Linux&apos;, os.arch: &apos;amd64&apos;, os.version: &apos;4.4.0-141-generic&apos;, java.version: &apos;1.8.0_102&apos;&#10;Driver info: org.openqa.selenium.chrome.ChromeDriver&#10;Capabilities [{applicationCacheEnabled=false, rotatable=false, mobileEmulationEnabled=false, networkConnectionEnabled=false, chrome={chromedriverVersion=2.38.552522 (437e6fbedfa8762dec75e2c5b3ddb86763dc9dcb), userDataDir=/tmp/.org.chromium.Chromium.KBtqzo}, takesHeapSnapshot=true, pageLoadStrategy=normal, databaseEnabled=false, handlesAlerts=true, hasTouchScreen=false, version=71.0.3578.98, platform=LINUX, browserConnectionEnabled=false, nativeEvents=true, acceptSslCerts=false, acceptInsecureCerts=false, locationContextEnabled=true, webStorageEnabled=true, browserName=chrome, takesScreenshot=true, javascriptEnabled=true, cssSelectorsEnabled=true, setWindowRect=true, unexpectedAlertBehaviour=}]&#10;Session ID: ae096cbf2895091fff82786c42320646&#10;*** Element info: {Using=xpath, value=//div[contains(@class,&apos;g--active dialog&apos;)]//div[@class=&apos;close&apos;]}" type="net.serenitybdd.core.exceptions.SerenityManagedException">net.serenitybdd.core.exceptions.SerenityManagedException: 
no such element: Unable to locate element: {"method":"xpath","selector":"//div[contains(@class,'g--active dialog')]//div[@class='close']"}
  (Session info: chrome=71.0.3578.98)
  (Driver info: chromedriver=2.38.552522 (437e6fbedfa8762dec75e2c5b3ddb86763dc9dcb),platform=Linux 4.4.0-141-generic x86_64) (WARNING: The server did not provide any stacktrace information)
Command duration or timeout: 5.03 seconds
For documentation on this error, please visit: http://seleniumhq.org/exceptions/no_such_element.html
Build info: version: '2.53.1', revision: 'a36b8b1cd5757287168e54b817830adce9b0158d', time: '2016-06-30 19:26:09'
System info: host: 'SB-87', ip: '127.0.1.1', os.name: 'Linux', os.arch: 'amd64', os.version: '4.4.0-141-generic', java.version: '1.8.0_102'
Driver info: org.openqa.selenium.chrome.ChromeDriver
Capabilities [{applicationCacheEnabled=false, rotatable=false, mobileEmulationEnabled=false, networkConnectionEnabled=false, chrome={chromedriverVersion=2.38.552522 (437e6fbedfa8762dec75e2c5b3ddb86763dc9dcb), userDataDir=/tmp/.org.chromium.Chromium.KBtqzo}, takesHeapSnapshot=true, pageLoadStrategy=normal, databaseEnabled=false, handlesAlerts=true, hasTouchScreen=false, version=71.0.3578.98, platform=LINUX, browserConnectionEnabled=false, nativeEvents=true, acceptSslCerts=false, acceptInsecureCerts=false, locationContextEnabled=true, webStorageEnabled=true, browserName=chrome, takesScreenshot=true, javascriptEnabled=true, cssSelectorsEnabled=true, setWindowRect=true, unexpectedAlertBehaviour=}]
Session ID: ae096cbf2895091fff82786c42320646
*** Element info: {Using=xpath, value=//div[contains(@class,'g--active dialog')]//div[@class='close']}
</error>
  </testcase>
  <testcase name="When Click on the &quot;SEND&quot; button" classname="Scenario: Create booking with required fields" time="0">
    <skipped/>
  </testcase>
  <testcase name="When Click on the &quot;View all invites&quot; button" classname="Scenario: Create booking with required fields" time="0">
    <skipped/>
  </testcase>
  <testcase name="When wait time" classname="Scenario: Create booking with required fields" time="0">
    <skipped/>
  </testcase>
</testsuite>