<?xml version="1.0" encoding="UTF-8"?>
<testsuite xmlns:xsi="http://www.w3.org/2001/XMLSchema-instance" xsi:schemaLocation="https://maven.apache.org/surefire/maven-surefire-plugin/xsd/surefire-test-report.xsd" name="RealiseMe.com.DefinitionTestSuite" time="491.102" tests="136" errors="6" skipped="0" failures="0">
  <properties>
    <property name="idea.version" value="2017.2"/>
    <property name="java.runtime.name" value="Java(TM) SE Runtime Environment"/>
    <property name="sun.boot.library.path" value="/opt/jdk1.8.0_102/jre/lib/amd64"/>
    <property name="java.vm.version" value="25.102-b14"/>
    <property name="java.vm.vendor" value="Oracle Corporation"/>
    <property name="maven.multiModuleProjectDirectory" value="/home/akuzikov/IdeaProjects/RealiseMecom"/>
    <property name="java.vendor.url" value="http://java.oracle.com/"/>
    <property name="path.separator" value=":"/>
    <property name="guice.disable.misplaced.annotation.check" value="true"/>
    <property name="java.vm.name" value="Java HotSpot(TM) 64-Bit Server VM"/>
    <property name="file.encoding.pkg" value="sun.io"/>
    <property name="user.country" value="US"/>
    <property name="sun.java.launcher" value="SUN_STANDARD"/>
    <property name="sun.os.patch.level" value="unknown"/>
    <property name="java.vm.specification.name" value="Java Virtual Machine Specification"/>
    <property name="user.dir" value="/home/akuzikov/IdeaProjects/RealiseMecom"/>
    <property name="java.runtime.version" value="1.8.0_102-b14"/>
    <property name="java.awt.graphicsenv" value="sun.awt.X11GraphicsEnvironment"/>
    <property name="java.endorsed.dirs" value="/opt/jdk1.8.0_102/jre/lib/endorsed"/>
    <property name="os.arch" value="amd64"/>
    <property name="java.io.tmpdir" value="/tmp"/>
    <property name="line.separator" value="&#10;"/>
    <property name="java.vm.specification.vendor" value="Oracle Corporation"/>
    <property name="os.name" value="Linux"/>
    <property name="classworlds.conf" value="/opt/idea-IU-172.3317.76/plugins/maven/lib/maven3/bin/m2.conf"/>
    <property name="sun.jnu.encoding" value="UTF-8"/>
    <property name="java.library.path" value="/opt/idea-IU-172.3317.76/bin::/usr/java/packages/lib/amd64:/usr/lib64:/lib64:/lib:/usr/lib"/>
    <property name="java.specification.name" value="Java Platform API Specification"/>
    <property name="java.class.version" value="52.0"/>
    <property name="sun.management.compiler" value="HotSpot 64-Bit Tiered Compilers"/>
    <property name="os.version" value="4.4.0-155-generic"/>
    <property name="user.home" value="/home/akuzikov"/>
    <property name="user.timezone" value="Europe/Zaporozhye"/>
    <property name="java.awt.printerjob" value="sun.print.PSPrinterJob"/>
    <property name="java.specification.version" value="1.8"/>
    <property name="file.encoding" value="UTF-8"/>
    <property name="user.name" value="akuzikov"/>
    <property name="java.class.path" value="/opt/idea-IU-172.3317.76/plugins/maven/lib/maven3/boot/plexus-classworlds-2.5.2.jar:/opt/idea-IU-172.3317.76/lib/idea_rt.jar"/>
    <property name="java.vm.specification.version" value="1.8"/>
    <property name="sun.arch.data.model" value="64"/>
    <property name="java.home" value="/opt/jdk1.8.0_102/jre"/>
    <property name="sun.java.command" value="org.codehaus.classworlds.Launcher -Didea.version=2017.2 verify"/>
    <property name="java.specification.vendor" value="Oracle Corporation"/>
    <property name="user.language" value="en"/>
    <property name="awt.toolkit" value="sun.awt.X11.XToolkit"/>
    <property name="java.vm.info" value="mixed mode"/>
    <property name="java.version" value="1.8.0_102"/>
    <property name="java.ext.dirs" value="/opt/jdk1.8.0_102/jre/lib/ext:/usr/java/packages/lib/ext"/>
    <property name="securerandom.source" value="file:/dev/./urandom"/>
    <property name="sun.boot.class.path" value="/opt/jdk1.8.0_102/jre/lib/resources.jar:/opt/jdk1.8.0_102/jre/lib/rt.jar:/opt/jdk1.8.0_102/jre/lib/sunrsasign.jar:/opt/jdk1.8.0_102/jre/lib/jsse.jar:/opt/jdk1.8.0_102/jre/lib/jce.jar:/opt/jdk1.8.0_102/jre/lib/charsets.jar:/opt/jdk1.8.0_102/jre/lib/jfr.jar:/opt/jdk1.8.0_102/jre/classes"/>
    <property name="java.vendor" value="Oracle Corporation"/>
    <property name="maven.home" value="/opt/idea-IU-172.3317.76/plugins/maven/lib/maven3"/>
    <property name="file.separator" value="/"/>
    <property name="java.vendor.url.bug" value="http://bugreport.sun.com/bugreport/"/>
    <property name="sun.cpu.endian" value="little"/>
    <property name="sun.io.unicode.encoding" value="UnicodeLittle"/>
    <property name="sun.desktop" value="gnome"/>
    <property name="sun.cpu.isalist" value=""/>
  </properties>
  <testcase name="Given open landing page" classname="Scenario: Check required fields at the create booking step" time="0.001"/>
  <testcase name="When click on the agree button at the banner" classname="Scenario: Check required fields at the create booking step" time="0"/>
  <testcase name="When Click on the login button" classname="Scenario: Check required fields at the create booking step" time="0"/>
  <testcase name="When Click on the school &quot;Login as a school&quot; button" classname="Scenario: Check required fields at the create booking step" time="0"/>
  <testcase name="When Enter login &quot;newuatschool28@yopmail.com&quot;" classname="Scenario: Check required fields at the create booking step" time="0"/>
  <testcase name="When Enter password &quot;Test123!&quot;" classname="Scenario: Check required fields at the create booking step" time="0"/>
  <testcase name="When Click on the Log in button" classname="Scenario: Check required fields at the create booking step" time="0"/>
  <testcase name="When Click on the &quot;bookings&quot; button in the header" classname="Scenario: Check required fields at the create booking step" time="0"/>
  <testcase name="When Click on the &quot;New Supply Booking&quot; button" classname="Scenario: Check required fields at the create booking step" time="0"/>
  <testcase name="Then New Supply Booking page contains all necessary text:" classname="Scenario: Check required fields at the create booking step" time="0.001"/>
  <testcase name="When Click on the &quot;SHOW RESULTS&quot; button" classname="Scenario: Check required fields at the create booking step" time="0"/>
  <testcase name="Then The &quot;name&quot; field is highlighted red" classname="Scenario: Check required fields at the create booking step" time="0"/>
  <testcase name="Scenario: Check required fields at the create booking step" classname="Scenario: Check required fields at the create booking step" time="1.078"/>
  <testcase name="Given open landing page" classname="Scenario: Create booking for UNCLEARED teacher" time="0"/>
  <testcase name="When click on the agree button at the banner" classname="Scenario: Create booking for UNCLEARED teacher" time="0"/>
  <testcase name="When Click on the login button" classname="Scenario: Create booking for UNCLEARED teacher" time="0"/>
  <testcase name="When Click on the school &quot;Login as a school&quot; button" classname="Scenario: Create booking for UNCLEARED teacher" time="0"/>
  <testcase name="When Enter login &quot;newuatschool28@yopmail.com&quot;" classname="Scenario: Create booking for UNCLEARED teacher" time="0"/>
  <testcase name="When Enter password &quot;Test123!&quot;" classname="Scenario: Create booking for UNCLEARED teacher" time="0"/>
  <testcase name="When Click on the Log in button" classname="Scenario: Create booking for UNCLEARED teacher" time="0"/>
  <testcase name="When Click on the &quot;bookings&quot; button in the header" classname="Scenario: Create booking for UNCLEARED teacher" time="0"/>
  <testcase name="When Click on the &quot;New Supply Booking&quot; button" classname="Scenario: Create booking for UNCLEARED teacher" time="0"/>
  <testcase name="When Enter &quot;Booking for uncleared teacher&quot; to the Name your job posting field" classname="Scenario: Create booking for UNCLEARED teacher" time="0"/>
  <testcase name="When Enter &quot;Booking Description&quot; to the Describe the job field" classname="Scenario: Create booking for UNCLEARED teacher" time="0"/>
  <testcase name="When Choose &quot;Teacher&quot; checkbox" classname="Scenario: Create booking for UNCLEARED teacher" time="0"/>
  <testcase name="When Choose &quot;TA&quot; checkbox" classname="Scenario: Create booking for UNCLEARED teacher" time="0"/>
  <testcase name="When Choose &quot;I want to save this search for future use&quot; checkbox" classname="Scenario: Create booking for UNCLEARED teacher" time="0"/>
  <testcase name="When Choose full day &quot;23&quot; in the &quot;2&quot; month of available calendar" classname="Scenario: Create booking for UNCLEARED teacher" time="0"/>
  <testcase name="When Choose half day &quot;25&quot; in the &quot;2&quot; month of available calendar" classname="Scenario: Create booking for UNCLEARED teacher" time="0"/>
  <testcase name="When Choose full day start time &quot;8:00&quot;" classname="Scenario: Create booking for UNCLEARED teacher" time="0"/>
  <testcase name="When Choose full day end time &quot;17:00&quot;" classname="Scenario: Create booking for UNCLEARED teacher" time="0"/>
  <testcase name="When Choose half day start time &quot;11:00&quot;" classname="Scenario: Create booking for UNCLEARED teacher" time="0"/>
  <testcase name="When Choose half day end time &quot;15:00&quot;" classname="Scenario: Create booking for UNCLEARED teacher" time="0"/>
  <testcase name="When Enter &quot;200&quot; rate" classname="Scenario: Create booking for UNCLEARED teacher" time="0"/>
  <testcase name="When Click on the &quot;SHOW RESULTS&quot; button" classname="Scenario: Create booking for UNCLEARED teacher" time="0"/>
  <testcase name="When Click on the Invite to job button at the teacher with &quot;uncleared&quot; status" classname="Scenario: Create booking for UNCLEARED teacher" time="0"/>
  <testcase name="When Click on the &quot;Review Invitations&quot; button" classname="Scenario: Create booking for UNCLEARED teacher" time="0"/>
  <testcase name="Then Check uncleared popup &quot;You have selected a teacher that has not yet completed clearance. They will not be able to accept this booking until they are fully cleared.&quot;" classname="Scenario: Create booking for UNCLEARED teacher" time="0"/>
  <testcase name="When Close popup" classname="Scenario: Create booking for UNCLEARED teacher" time="0"/>
  <testcase name="When Click on the &quot;SEND&quot; button" classname="Scenario: Create booking for UNCLEARED teacher" time="0"/>
  <testcase name="When Get names of teachers" classname="Scenario: Create booking for UNCLEARED teacher" time="0"/>
  <testcase name="When Click on the &quot;View all invites&quot; button" classname="Scenario: Create booking for UNCLEARED teacher" time="0"/>
  <testcase name="Then Appropriate teachers are displayed in the invites list" classname="Scenario: Create booking for UNCLEARED teacher" time="0.007">
    <error message="Index: 1, Size: 0" type="java.lang.IndexOutOfBoundsException">java.lang.IndexOutOfBoundsException: Index: 1, Size: 0
</error>
  </testcase>
  <testcase name="Scenario: Create booking for UNCLEARED teacher" classname="Scenario: Create booking for UNCLEARED teacher" time="0.01">
    <error message="Index: 1, Size: 0" type="java.lang.IndexOutOfBoundsException">java.lang.IndexOutOfBoundsException: Index: 1, Size: 0
</error>
  </testcase>
  <testcase name="Given open landing page" classname="Scenario: Create booking for PENDING teacher" time="0"/>
  <testcase name="When click on the agree button at the banner" classname="Scenario: Create booking for PENDING teacher" time="0"/>
  <testcase name="When Click on the login button" classname="Scenario: Create booking for PENDING teacher" time="0"/>
  <testcase name="When Click on the school &quot;Login as a school&quot; button" classname="Scenario: Create booking for PENDING teacher" time="0"/>
  <testcase name="When Enter login &quot;newuatschool28@yopmail.com&quot;" classname="Scenario: Create booking for PENDING teacher" time="0"/>
  <testcase name="When Enter password &quot;Test123!&quot;" classname="Scenario: Create booking for PENDING teacher" time="0"/>
  <testcase name="When Click on the Log in button" classname="Scenario: Create booking for PENDING teacher" time="0"/>
  <testcase name="When Click on the &quot;bookings&quot; button in the header" classname="Scenario: Create booking for PENDING teacher" time="0"/>
  <testcase name="When Click on the &quot;New Supply Booking&quot; button" classname="Scenario: Create booking for PENDING teacher" time="0"/>
  <testcase name="When Enter &quot;Booking for pending teacher&quot; to the Name your job posting field" classname="Scenario: Create booking for PENDING teacher" time="0"/>
  <testcase name="When Enter &quot;Booking Description&quot; to the Describe the job field" classname="Scenario: Create booking for PENDING teacher" time="0.001"/>
  <testcase name="When Choose &quot;Teacher&quot; checkbox" classname="Scenario: Create booking for PENDING teacher" time="0"/>
  <testcase name="When Choose &quot;TA&quot; checkbox" classname="Scenario: Create booking for PENDING teacher" time="0"/>
  <testcase name="When Choose &quot;I want to save this search for future use&quot; checkbox" classname="Scenario: Create booking for PENDING teacher" time="0"/>
  <testcase name="When Choose full day &quot;23&quot; in the &quot;2&quot; month of available calendar" classname="Scenario: Create booking for PENDING teacher" time="0"/>
  <testcase name="When Choose half day &quot;25&quot; in the &quot;2&quot; month of available calendar" classname="Scenario: Create booking for PENDING teacher" time="0"/>
  <testcase name="When Choose full day start time &quot;8:00&quot;" classname="Scenario: Create booking for PENDING teacher" time="0"/>
  <testcase name="When Choose full day end time &quot;17:00&quot;" classname="Scenario: Create booking for PENDING teacher" time="0"/>
  <testcase name="When Choose half day start time &quot;11:00&quot;" classname="Scenario: Create booking for PENDING teacher" time="0"/>
  <testcase name="When Choose half day end time &quot;15:00&quot;" classname="Scenario: Create booking for PENDING teacher" time="0"/>
  <testcase name="When Enter &quot;123.456&quot; rate" classname="Scenario: Create booking for PENDING teacher" time="0"/>
  <testcase name="When Click on the &quot;SHOW RESULTS&quot; button" classname="Scenario: Create booking for PENDING teacher" time="0"/>
  <testcase name="When Click on the Invite to job button at the teacher with &quot;pending&quot; status" classname="Scenario: Create booking for PENDING teacher" time="0"/>
  <testcase name="When Click on the &quot;Review Invitations&quot; button" classname="Scenario: Create booking for PENDING teacher" time="0"/>
  <testcase name="When Click on the &quot;SEND&quot; button" classname="Scenario: Create booking for PENDING teacher" time="0"/>
  <testcase name="Then Check penging popup &quot;You have selected a teacher whose DBS clearance is still pending. Before continuing, you will need to agree to our clearance waiver.&quot;" classname="Scenario: Create booking for PENDING teacher" time="0"/>
  <testcase name="Then The OK button isn&apos;t clickable" classname="Scenario: Create booking for PENDING teacher" time="0"/>
  <testcase name="When Choose &quot;Agree to waiver and continue&quot; checkbox" classname="Scenario: Create booking for PENDING teacher" time="0"/>
  <testcase name="When Click on the &quot;Ok&quot; button" classname="Scenario: Create booking for PENDING teacher" time="0"/>
  <testcase name="When Get names of teachers" classname="Scenario: Create booking for PENDING teacher" time="0"/>
  <testcase name="When Click on the &quot;View all invites&quot; button" classname="Scenario: Create booking for PENDING teacher" time="0"/>
  <testcase name="Then Appropriate teachers are displayed in the invites list" classname="Scenario: Create booking for PENDING teacher" time="0">
    <error message="Index: 1, Size: 0" type="java.lang.IndexOutOfBoundsException">java.lang.IndexOutOfBoundsException: Index: 1, Size: 0
</error>
  </testcase>
  <testcase name="Scenario: Create booking for PENDING teacher" classname="Scenario: Create booking for PENDING teacher" time="0">
    <error message="Index: 1, Size: 0" type="java.lang.IndexOutOfBoundsException">java.lang.IndexOutOfBoundsException: Index: 1, Size: 0
</error>
  </testcase>
  <testcase name="Given open landing page" classname="Scenario: Create booking for CLEARED teacher" time="0"/>
  <testcase name="When click on the agree button at the banner" classname="Scenario: Create booking for CLEARED teacher" time="0"/>
  <testcase name="When Click on the login button" classname="Scenario: Create booking for CLEARED teacher" time="0"/>
  <testcase name="When Click on the school &quot;Login as a school&quot; button" classname="Scenario: Create booking for CLEARED teacher" time="0"/>
  <testcase name="When Enter login &quot;newuatschool28@yopmail.com&quot;" classname="Scenario: Create booking for CLEARED teacher" time="0"/>
  <testcase name="When Enter password &quot;Test123!&quot;" classname="Scenario: Create booking for CLEARED teacher" time="0"/>
  <testcase name="When Click on the Log in button" classname="Scenario: Create booking for CLEARED teacher" time="0"/>
  <testcase name="When Click on the &quot;bookings&quot; button in the header" classname="Scenario: Create booking for CLEARED teacher" time="0"/>
  <testcase name="When Click on the &quot;New Supply Booking&quot; button" classname="Scenario: Create booking for CLEARED teacher" time="0"/>
  <testcase name="When Enter &quot;Booking for cleared teacher&quot; to the Name your job posting field" classname="Scenario: Create booking for CLEARED teacher" time="0"/>
  <testcase name="When Enter &quot;Booking Description&quot; to the Describe the job field" classname="Scenario: Create booking for CLEARED teacher" time="0"/>
  <testcase name="When Choose &quot;Teacher&quot; checkbox" classname="Scenario: Create booking for CLEARED teacher" time="0"/>
  <testcase name="When Choose &quot;TA&quot; checkbox" classname="Scenario: Create booking for CLEARED teacher" time="0"/>
  <testcase name="When Choose &quot;I want to save this search for future use&quot; checkbox" classname="Scenario: Create booking for CLEARED teacher" time="0"/>
  <testcase name="When Choose full day &quot;23&quot; in the &quot;2&quot; month of available calendar" classname="Scenario: Create booking for CLEARED teacher" time="0"/>
  <testcase name="When Choose half day &quot;25&quot; in the &quot;2&quot; month of available calendar" classname="Scenario: Create booking for CLEARED teacher" time="0"/>
  <testcase name="When Choose full day start time &quot;8:00&quot;" classname="Scenario: Create booking for CLEARED teacher" time="0"/>
  <testcase name="When Choose full day end time &quot;17:00&quot;" classname="Scenario: Create booking for CLEARED teacher" time="0"/>
  <testcase name="When Choose half day start time &quot;11:00&quot;" classname="Scenario: Create booking for CLEARED teacher" time="0"/>
  <testcase name="When Choose half day end time &quot;15:00&quot;" classname="Scenario: Create booking for CLEARED teacher" time="0"/>
  <testcase name="When Enter &quot;123.456&quot; rate" classname="Scenario: Create booking for CLEARED teacher" time="0"/>
  <testcase name="When Click on the &quot;SHOW RESULTS&quot; button" classname="Scenario: Create booking for CLEARED teacher" time="0"/>
  <testcase name="When Click on the Invite to job button at the teacher with &quot;cleared&quot; status" classname="Scenario: Create booking for CLEARED teacher" time="0"/>
  <testcase name="When Click on the &quot;Review Invitations&quot; button" classname="Scenario: Create booking for CLEARED teacher" time="0"/>
  <testcase name="When Click on the &quot;SEND&quot; button" classname="Scenario: Create booking for CLEARED teacher" time="0"/>
  <testcase name="When Get names of teachers" classname="Scenario: Create booking for CLEARED teacher" time="0"/>
  <testcase name="When Click on the &quot;View all invites&quot; button" classname="Scenario: Create booking for CLEARED teacher" time="0"/>
  <testcase name="Then Appropriate teachers are displayed in the invites list" classname="Scenario: Create booking for CLEARED teacher" time="0">
    <error message="Index: 1, Size: 0" type="java.lang.IndexOutOfBoundsException">java.lang.IndexOutOfBoundsException: Index: 1, Size: 0
</error>
  </testcase>
  <testcase name="Scenario: Create booking for CLEARED teacher" classname="Scenario: Create booking for CLEARED teacher" time="0">
    <error message="Index: 1, Size: 0" type="java.lang.IndexOutOfBoundsException">java.lang.IndexOutOfBoundsException: Index: 1, Size: 0
</error>
  </testcase>
  <testcase name="Given open landing page" classname="Scenario: Create booking for first three teachers in the search result list" time="0"/>
  <testcase name="When click on the agree button at the banner" classname="Scenario: Create booking for first three teachers in the search result list" time="0"/>
  <testcase name="When Click on the login button" classname="Scenario: Create booking for first three teachers in the search result list" time="0"/>
  <testcase name="When Click on the school &quot;Login as a school&quot; button" classname="Scenario: Create booking for first three teachers in the search result list" time="0"/>
  <testcase name="When Enter login &quot;newuatschool28@yopmail.com&quot;" classname="Scenario: Create booking for first three teachers in the search result list" time="0"/>
  <testcase name="When Enter password &quot;Test123!&quot;" classname="Scenario: Create booking for first three teachers in the search result list" time="0"/>
  <testcase name="When Click on the Log in button" classname="Scenario: Create booking for first three teachers in the search result list" time="0"/>
  <testcase name="When Click on the &quot;bookings&quot; button in the header" classname="Scenario: Create booking for first three teachers in the search result list" time="0"/>
  <testcase name="When Click on the &quot;New Supply Booking&quot; button" classname="Scenario: Create booking for first three teachers in the search result list" time="0"/>
  <testcase name="When Enter &quot;Booking for first three teachers in the search result list&quot; to the Name your job posting field" classname="Scenario: Create booking for first three teachers in the search result list" time="0.001"/>
  <testcase name="When Enter &quot;Booking Description&quot; to the Describe the job field" classname="Scenario: Create booking for first three teachers in the search result list" time="0"/>
  <testcase name="When Choose &quot;Teacher&quot; checkbox" classname="Scenario: Create booking for first three teachers in the search result list" time="0"/>
  <testcase name="When Choose &quot;TA&quot; checkbox" classname="Scenario: Create booking for first three teachers in the search result list" time="0"/>
  <testcase name="When Choose &quot;I want to save this search for future use&quot; checkbox" classname="Scenario: Create booking for first three teachers in the search result list" time="0"/>
  <testcase name="When Choose full day &quot;23&quot; in the &quot;2&quot; month of available calendar" classname="Scenario: Create booking for first three teachers in the search result list" time="0"/>
  <testcase name="When Choose half day &quot;25&quot; in the &quot;2&quot; month of available calendar" classname="Scenario: Create booking for first three teachers in the search result list" time="0"/>
  <testcase name="When Choose full day start time &quot;8:00&quot;" classname="Scenario: Create booking for first three teachers in the search result list" time="0"/>
  <testcase name="When Choose full day end time &quot;17:00&quot;" classname="Scenario: Create booking for first three teachers in the search result list" time="0"/>
  <testcase name="When Choose half day start time &quot;11:00&quot;" classname="Scenario: Create booking for first three teachers in the search result list" time="0"/>
  <testcase name="When Choose half day end time &quot;15:00&quot;" classname="Scenario: Create booking for first three teachers in the search result list" time="0"/>
  <testcase name="When Enter &quot;200&quot; rate" classname="Scenario: Create booking for first three teachers in the search result list" time="0"/>
  <testcase name="When Click on the &quot;SHOW RESULTS&quot; button" classname="Scenario: Create booking for first three teachers in the search result list" time="0"/>
  <testcase name="When Choose &quot;I want to invite top THREE candidates&quot; checkbox" classname="Scenario: Create booking for first three teachers in the search result list" time="0"/>
  <testcase name="When Click on the &quot;Review Invitations&quot; button" classname="Scenario: Create booking for first three teachers in the search result list" time="0"/>
  <testcase name="When Check popups depending of teacher&apos;s status and click on the &quot;SEND&quot; button" classname="Scenario: Create booking for first three teachers in the search result list" time="0"/>
  <testcase name="When Get names of teachers" classname="Scenario: Create booking for first three teachers in the search result list" time="0"/>
  <testcase name="When Click on the &quot;View all invites&quot; button" classname="Scenario: Create booking for first three teachers in the search result list" time="0"/>
  <testcase name="Then Appropriate teachers are displayed in the invites list" classname="Scenario: Create booking for first three teachers in the search result list" time="0"/>
  <testcase name="When wait time" classname="Scenario: Create booking for first three teachers in the search result list" time="0"/>
  <testcase name="Scenario: Create booking for first three teachers in the search result list" classname="Scenario: Create booking for first three teachers in the search result list" time="0.156"/>
</testsuite>