<?xml version="1.0" encoding="UTF-8"?>
<testsuite xmlns:xsi="http://www.w3.org/2001/XMLSchema-instance" xsi:schemaLocation="https://maven.apache.org/surefire/maven-surefire-plugin/xsd/surefire-test-report.xsd" name="RealiseMe.com.DefinitionTestSuite" time="793.153" tests="93" errors="0" skipped="0" failures="0">
  <properties>
    <property name="idea.version" value="2017.2"/>
    <property name="java.runtime.name" value="Java(TM) SE Runtime Environment"/>
    <property name="sun.boot.library.path" value="/opt/jdk1.8.0_102/jre/lib/amd64"/>
    <property name="java.vm.version" value="25.102-b14"/>
    <property name="java.vm.vendor" value="Oracle Corporation"/>
    <property name="maven.multiModuleProjectDirectory" value="/home/akuzikov/IdeaProjects/RealiseMecom"/>
    <property name="java.vendor.url" value="http://java.oracle.com/"/>
    <property name="path.separator" value=":"/>
    <property name="guice.disable.misplaced.annotation.check" value="true"/>
    <property name="java.vm.name" value="Java HotSpot(TM) 64-Bit Server VM"/>
    <property name="file.encoding.pkg" value="sun.io"/>
    <property name="user.country" value="US"/>
    <property name="sun.java.launcher" value="SUN_STANDARD"/>
    <property name="sun.os.patch.level" value="unknown"/>
    <property name="java.vm.specification.name" value="Java Virtual Machine Specification"/>
    <property name="user.dir" value="/home/akuzikov/IdeaProjects/RealiseMecom"/>
    <property name="java.runtime.version" value="1.8.0_102-b14"/>
    <property name="java.awt.graphicsenv" value="sun.awt.X11GraphicsEnvironment"/>
    <property name="java.endorsed.dirs" value="/opt/jdk1.8.0_102/jre/lib/endorsed"/>
    <property name="os.arch" value="amd64"/>
    <property name="java.io.tmpdir" value="/tmp"/>
    <property name="line.separator" value="&#10;"/>
    <property name="java.vm.specification.vendor" value="Oracle Corporation"/>
    <property name="os.name" value="Linux"/>
    <property name="classworlds.conf" value="/opt/idea-IU-172.3317.76/plugins/maven/lib/maven3/bin/m2.conf"/>
    <property name="sun.jnu.encoding" value="UTF-8"/>
    <property name="java.library.path" value="/opt/idea-IU-172.3317.76/bin::/usr/java/packages/lib/amd64:/usr/lib64:/lib64:/lib:/usr/lib"/>
    <property name="java.specification.name" value="Java Platform API Specification"/>
    <property name="java.class.version" value="52.0"/>
    <property name="sun.management.compiler" value="HotSpot 64-Bit Tiered Compilers"/>
    <property name="os.version" value="4.4.0-166-generic"/>
    <property name="user.home" value="/home/akuzikov"/>
    <property name="user.timezone" value="Europe/Zaporozhye"/>
    <property name="java.awt.printerjob" value="sun.print.PSPrinterJob"/>
    <property name="java.specification.version" value="1.8"/>
    <property name="file.encoding" value="UTF-8"/>
    <property name="user.name" value="akuzikov"/>
    <property name="java.class.path" value="/opt/idea-IU-172.3317.76/plugins/maven/lib/maven3/boot/plexus-classworlds-2.5.2.jar:/opt/idea-IU-172.3317.76/lib/idea_rt.jar"/>
    <property name="java.vm.specification.version" value="1.8"/>
    <property name="sun.arch.data.model" value="64"/>
    <property name="java.home" value="/opt/jdk1.8.0_102/jre"/>
    <property name="sun.java.command" value="org.codehaus.classworlds.Launcher -Didea.version=2017.2 verify"/>
    <property name="java.specification.vendor" value="Oracle Corporation"/>
    <property name="user.language" value="en"/>
    <property name="awt.toolkit" value="sun.awt.X11.XToolkit"/>
    <property name="java.vm.info" value="mixed mode"/>
    <property name="java.version" value="1.8.0_102"/>
    <property name="java.ext.dirs" value="/opt/jdk1.8.0_102/jre/lib/ext:/usr/java/packages/lib/ext"/>
    <property name="securerandom.source" value="file:/dev/./urandom"/>
    <property name="sun.boot.class.path" value="/opt/jdk1.8.0_102/jre/lib/resources.jar:/opt/jdk1.8.0_102/jre/lib/rt.jar:/opt/jdk1.8.0_102/jre/lib/sunrsasign.jar:/opt/jdk1.8.0_102/jre/lib/jsse.jar:/opt/jdk1.8.0_102/jre/lib/jce.jar:/opt/jdk1.8.0_102/jre/lib/charsets.jar:/opt/jdk1.8.0_102/jre/lib/jfr.jar:/opt/jdk1.8.0_102/jre/classes"/>
    <property name="java.vendor" value="Oracle Corporation"/>
    <property name="maven.home" value="/opt/idea-IU-172.3317.76/plugins/maven/lib/maven3"/>
    <property name="file.separator" value="/"/>
    <property name="java.vendor.url.bug" value="http://bugreport.sun.com/bugreport/"/>
    <property name="sun.cpu.endian" value="little"/>
    <property name="sun.io.unicode.encoding" value="UnicodeLittle"/>
    <property name="sun.desktop" value="gnome"/>
    <property name="sun.cpu.isalist" value=""/>
  </properties>
  <testcase name="Given open landing page" classname="Scenario: Create booking for agency" time="0.001"/>
  <testcase name="When click on the agree button at the banner" classname="Scenario: Create booking for agency" time="0"/>
  <testcase name="When Click on the login button" classname="Scenario: Create booking for agency" time="0"/>
  <testcase name="When Click on the &quot;Login as a school&quot; button" classname="Scenario: Create booking for agency" time="0"/>
  <testcase name="When Enter login &quot;newuatschool28@yopmail.com&quot;" classname="Scenario: Create booking for agency" time="0"/>
  <testcase name="When Enter password &quot;Test123!&quot;" classname="Scenario: Create booking for agency" time="0"/>
  <testcase name="When Click on the Log in button" classname="Scenario: Create booking for agency" time="0"/>
  <testcase name="When Click on the &quot;bookings&quot; button in the header" classname="Scenario: Create booking for agency" time="0"/>
  <testcase name="When Click on the &quot;New Supply Booking&quot; button" classname="Scenario: Create booking for agency" time="0"/>
  <testcase name="When Enter &quot;Booking for agency&quot; to the Name your job posting field" classname="Scenario: Create booking for agency" time="0"/>
  <testcase name="When Enter &quot;Booking Description&quot; to the Describe the job field" classname="Scenario: Create booking for agency" time="0"/>
  <testcase name="When Choose &quot;Teacher&quot; checkbox" classname="Scenario: Create booking for agency" time="0"/>
  <testcase name="When Choose &quot;TA&quot; checkbox" classname="Scenario: Create booking for agency" time="0"/>
  <testcase name="When Choose &quot;Select day(s) and half day(s)&quot; checkbox" classname="Scenario: Create booking for agency" time="0"/>
  <testcase name="When Choose full day &quot;24&quot; in the &quot;2&quot; month of available calendar" classname="Scenario: Create booking for agency" time="0"/>
  <testcase name="When Choose half day &quot;25&quot; in the &quot;2&quot; month of available calendar" classname="Scenario: Create booking for agency" time="0"/>
  <testcase name="When Choose full day start time &quot;8:00&quot;" classname="Scenario: Create booking for agency" time="0"/>
  <testcase name="When Choose full day end time &quot;17:00&quot;" classname="Scenario: Create booking for agency" time="0"/>
  <testcase name="When Choose half day start time &quot;11:00&quot;" classname="Scenario: Create booking for agency" time="0"/>
  <testcase name="When Choose half day end time &quot;15:00&quot;" classname="Scenario: Create booking for agency" time="0"/>
  <testcase name="When Click on the &quot;SHOW RESULTS&quot; button" classname="Scenario: Create booking for agency" time="0"/>
  <testcase name="When Click on the &quot;AGENCIES&quot; button" classname="Scenario: Create booking for agency" time="0"/>
  <testcase name="When Click on the Invite to job button at the teacher with &quot;AGENCY 18&quot; name" classname="Scenario: Create booking for agency" time="0"/>
  <testcase name="When Click on the &quot;Review Invitations&quot; button" classname="Scenario: Create booking for agency" time="0"/>
  <testcase name="When Click on the &quot;SEND&quot; button" classname="Scenario: Create booking for agency" time="0"/>
  <testcase name="When Click on the &quot;SEND&quot; button" classname="Scenario: Create booking for agency" time="0"/>
  <testcase name="When Click on the &quot;REVIEW INVITATIONS&quot; button" classname="Scenario: Create booking for agency" time="0"/>
  <testcase name="When Get names of teachers" classname="Scenario: Create booking for agency" time="0"/>
  <testcase name="When Click on the &quot;View all invites&quot; button" classname="Scenario: Create booking for agency" time="0"/>
  <testcase name="Scenario: Create booking for agency" classname="Scenario: Create booking for agency" time="1.377"/>
  <testcase name="Given open landing page" classname="Scenario: Accept booking as agency" time="0"/>
  <testcase name="When click on the agree button at the banner" classname="Scenario: Accept booking as agency" time="0"/>
  <testcase name="When Click on the login button" classname="Scenario: Accept booking as agency" time="0"/>
  <testcase name="When Click on the &quot;Login as an agency&quot; button" classname="Scenario: Accept booking as agency" time="0"/>
  <testcase name="When Enter login &quot;newagencyuat18@yopmail.com&quot;" classname="Scenario: Accept booking as agency" time="0"/>
  <testcase name="When Enter password &quot;Test123!&quot;" classname="Scenario: Accept booking as agency" time="0"/>
  <testcase name="When Click on the Log in button" classname="Scenario: Accept booking as agency" time="0"/>
  <testcase name="When Click on the &quot;bookings&quot; button in the header" classname="Scenario: Accept booking as agency" time="0"/>
  <testcase name="When Find invite with &quot;Booking for agency&quot; job title" classname="Scenario: Accept booking as agency" time="0"/>
  <testcase name="When Click on the &quot;accept&quot; button of the appropriate booking" classname="Scenario: Accept booking as agency" time="0"/>
  <testcase name="When Fill required fields" classname="Scenario: Accept booking as agency" time="0"/>
  <testcase name="When Upload &quot;Candidate Clearance Summary.pdf&quot; file" classname="Scenario: Accept booking as agency" time="0"/>
  <testcase name="When Choose &quot;I confirm that this teacher is fully cleared with DBS.&quot; checkbox" classname="Scenario: Accept booking as agency" time="0"/>
  <testcase name="When Choose &quot;I agree to RealiseMe&quot; policy checkbox" classname="Scenario: Accept booking as agency" time="0"/>
  <testcase name="When Click on the &quot;CONFIRM JOB&quot; button" classname="Scenario: Accept booking as agency" time="0"/>
  <testcase name="When wait time" classname="Scenario: Accept booking as agency" time="0"/>
  <testcase name="Scenario: Accept booking as agency" classname="Scenario: Accept booking as agency" time="0.227"/>
  <testcase name="Given open landing page" classname="Scenario: Approve booking as school" time="0"/>
  <testcase name="When click on the agree button at the banner" classname="Scenario: Approve booking as school" time="0"/>
  <testcase name="When Click on the login button" classname="Scenario: Approve booking as school" time="0"/>
  <testcase name="When Click on the &quot;Login as a school&quot; button" classname="Scenario: Approve booking as school" time="0"/>
  <testcase name="When Enter login &quot;newuatschool28@yopmail.com&quot;" classname="Scenario: Approve booking as school" time="0"/>
  <testcase name="When Enter password &quot;Test123!&quot;" classname="Scenario: Approve booking as school" time="0"/>
  <testcase name="When Click on the Log in button" classname="Scenario: Approve booking as school" time="0"/>
  <testcase name="When Click on the &quot;bookings&quot; button in the header" classname="Scenario: Approve booking as school" time="0"/>
  <testcase name="When Find accepted invite with &quot;Booking for agency&quot; job title" classname="Scenario: Approve booking as school" time="0"/>
  <testcase name="Then Entered &quot;Supply staff name&quot; teacher name is displayed" classname="Scenario: Approve booking as school" time="0"/>
  <testcase name="Then Attached &quot;Candidate Clearance Summary.pdf&quot; file is displayed" classname="Scenario: Approve booking as school" time="0"/>
  <testcase name="Then The &quot;162.27&quot; rate is displayed" classname="Scenario: Approve booking as school" time="0"/>
  <testcase name="When Approve appropriate booking" classname="Scenario: Approve booking as school" time="0"/>
  <testcase name="When wait time" classname="Scenario: Approve booking as school" time="0"/>
  <testcase name="Scenario: Approve booking as school" classname="Scenario: Approve booking as school" time="0.12"/>
  <testcase name="Given open landing page" classname="Scenario: Accept booking as agency and Decline booking as school" time="0"/>
  <testcase name="When click on the agree button at the banner" classname="Scenario: Accept booking as agency and Decline booking as school" time="0"/>
  <testcase name="When Click on the login button" classname="Scenario: Accept booking as agency and Decline booking as school" time="0"/>
  <testcase name="When Click on the login button" classname="Scenario: Accept booking as agency and Decline booking as school" time="0"/>
  <testcase name="When Click on the &quot;Login as an agency&quot; button" classname="Scenario: Accept booking as agency and Decline booking as school" time="0"/>
  <testcase name="When Enter login &quot;newagencyuat18@yopmail.com&quot;" classname="Scenario: Accept booking as agency and Decline booking as school" time="0"/>
  <testcase name="When Enter password &quot;Test123!&quot;" classname="Scenario: Accept booking as agency and Decline booking as school" time="0"/>
  <testcase name="When Enter password &quot;Test123!&quot;" classname="Scenario: Accept booking as agency and Decline booking as school" time="0"/>
  <testcase name="When Click on the Log in button" classname="Scenario: Accept booking as agency and Decline booking as school" time="0"/>
  <testcase name="When Click on the Log in button" classname="Scenario: Accept booking as agency and Decline booking as school" time="0"/>
  <testcase name="When Click on the &quot;bookings&quot; button in the header" classname="Scenario: Accept booking as agency and Decline booking as school" time="0"/>
  <testcase name="When Click on the &quot;bookings&quot; button in the header" classname="Scenario: Accept booking as agency and Decline booking as school" time="0"/>
  <testcase name="When Find invite with &quot;Booking for agency&quot; job title" classname="Scenario: Accept booking as agency and Decline booking as school" time="0"/>
  <testcase name="When Click on the &quot;accept&quot; button of the appropriate booking" classname="Scenario: Accept booking as agency and Decline booking as school" time="0"/>
  <testcase name="When Fill required fields" classname="Scenario: Accept booking as agency and Decline booking as school" time="0"/>
  <testcase name="When Upload &quot;Candidate Clearance Summary.pdf&quot; file" classname="Scenario: Accept booking as agency and Decline booking as school" time="0"/>
  <testcase name="When Choose &quot;I confirm that this teacher is fully cleared with DBS.&quot; checkbox" classname="Scenario: Accept booking as agency and Decline booking as school" time="0"/>
  <testcase name="When Choose &quot;I agree to RealiseMe&quot; policy checkbox" classname="Scenario: Accept booking as agency and Decline booking as school" time="0"/>
  <testcase name="When Click on the &quot;CONFIRM JOB&quot; button" classname="Scenario: Accept booking as agency and Decline booking as school" time="0"/>
  <testcase name="When wait time" classname="Scenario: Accept booking as agency and Decline booking as school" time="0"/>
  <testcase name="When wait time" classname="Scenario: Accept booking as agency and Decline booking as school" time="0"/>
  <testcase name="When Click on the arrow down button" classname="Scenario: Accept booking as agency and Decline booking as school" time="0"/>
  <testcase name="When Click on the LOGOUT button" classname="Scenario: Accept booking as agency and Decline booking as school" time="0"/>
  <testcase name="When Click on the &quot;Login as a school&quot; button" classname="Scenario: Accept booking as agency and Decline booking as school" time="0"/>
  <testcase name="When Enter login &quot;newuatschool28@yopmail.com&quot;" classname="Scenario: Accept booking as agency and Decline booking as school" time="0"/>
  <testcase name="When Find accepted invite with &quot;Booking for agency&quot; job title" classname="Scenario: Accept booking as agency and Decline booking as school" time="0"/>
  <testcase name="Then Entered &quot;Supply staff name&quot; teacher name is displayed" classname="Scenario: Accept booking as agency and Decline booking as school" time="0"/>
  <testcase name="Then Attached &quot;Candidate Clearance Summary.pdf&quot; file is displayed" classname="Scenario: Accept booking as agency and Decline booking as school" time="0"/>
  <testcase name="Then The &quot;162.27&quot; rate is displayed" classname="Scenario: Accept booking as agency and Decline booking as school" time="0"/>
  <testcase name="When Decline appropriate booking" classname="Scenario: Accept booking as agency and Decline booking as school" time="0"/>
  <testcase name="Scenario: Accept booking as agency and Decline booking as school" classname="Scenario: Accept booking as agency and Decline booking as school" time="0.163"/>
</testsuite>