<?xml version="1.0" encoding="UTF-8"?>
<testsuite xmlns:xsi="http://www.w3.org/2001/XMLSchema-instance" xsi:noNamespaceSchemaLocation="https://maven.apache.org/surefire/maven-failsafe-plugin/xsd/failsafe-test-report-3.0.xsd" version="3.0" name="RealiseMe.com.DefinitionTestSuite" time="762.878" tests="93" errors="0" skipped="0" failures="0">
  <properties>
    <property name="sun.desktop" value="gnome"/>
    <property name="awt.toolkit" value="sun.awt.X11.XToolkit"/>
    <property name="file.encoding.pkg" value="sun.io"/>
    <property name="java.specification.version" value="1.8"/>
    <property name="sun.cpu.isalist" value=""/>
    <property name="sun.jnu.encoding" value="UTF-8"/>
    <property name="java.class.path" value="/home/akuzikov/IdeaProjects/RealiseMecom/target/test-classes:/home/akuzikov/IdeaProjects/RealiseMecom/target/RealiseMe.com-1.0-SNAPSHOT.jar:/home/akuzikov/.m2/repository/org/seleniumhq/selenium/selenium-java/2.53.1/selenium-java-2.53.1.jar:/home/akuzikov/.m2/repository/org/seleniumhq/selenium/selenium-chrome-driver/2.53.1/selenium-chrome-driver-2.53.1.jar:/home/akuzikov/.m2/repository/org/seleniumhq/selenium/selenium-remote-driver/2.53.1/selenium-remote-driver-2.53.1.jar:/home/akuzikov/.m2/repository/org/seleniumhq/selenium/selenium-api/2.53.1/selenium-api-2.53.1.jar:/home/akuzikov/.m2/repository/org/seleniumhq/selenium/selenium-edge-driver/2.53.1/selenium-edge-driver-2.53.1.jar:/home/akuzikov/.m2/repository/org/apache/commons/commons-exec/1.3/commons-exec-1.3.jar:/home/akuzikov/.m2/repository/org/seleniumhq/selenium/selenium-firefox-driver/2.53.1/selenium-firefox-driver-2.53.1.jar:/home/akuzikov/.m2/repository/org/seleniumhq/selenium/selenium-ie-driver/2.53.1/selenium-ie-driver-2.53.1.jar:/home/akuzikov/.m2/repository/net/java/dev/jna/jna/4.1.0/jna-4.1.0.jar:/home/akuzikov/.m2/repository/net/java/dev/jna/jna-platform/4.1.0/jna-platform-4.1.0.jar:/home/akuzikov/.m2/repository/org/seleniumhq/selenium/selenium-safari-driver/2.53.1/selenium-safari-driver-2.53.1.jar:/home/akuzikov/.m2/repository/io/netty/netty/3.5.7.Final/netty-3.5.7.Final.jar:/home/akuzikov/.m2/repository/org/seleniumhq/selenium/selenium-support/2.53.1/selenium-support-2.53.1.jar:/home/akuzikov/.m2/repository/org/seleniumhq/selenium/selenium-leg-rc/2.53.1/selenium-leg-rc-2.53.1.jar:/home/akuzikov/.m2/repository/net/serenity-bdd/serenity-core/1.2.2/serenity-core-1.2.2.jar:/home/akuzikov/.m2/repository/com/google/guava/guava/19.0/guava-19.0.jar:/home/akuzikov/.m2/repository/com/google/code/findbugs/jsr305/3.0.1/jsr305-3.0.1.jar:/home/akuzikov/.m2/repository/com/google/inject/guice/3.0/guice-3.0.jar:/home/akuzikov/.m2/repository/javax/inject/javax.inject/1/javax.inject-1.jar:/home/akuzikov/.m2/repository/aopalliance/aopalliance/1.0/aopalliance-1.0.jar:/home/akuzikov/.m2/repository/cglib/cglib/3.1/cglib-3.1.jar:/home/akuzikov/.m2/repository/org/ow2/asm/asm/5.0.3/asm-5.0.3.jar:/home/akuzikov/.m2/repository/commons-codec/commons-codec/1.10/commons-codec-1.10.jar:/home/akuzikov/.m2/repository/org/objenesis/objenesis/2.1/objenesis-2.1.jar:/home/akuzikov/.m2/repository/org/slf4j/slf4j-api/1.7.21/slf4j-api-1.7.21.jar:/home/akuzikov/.m2/repository/xml-apis/xml-apis/1.4.01/xml-apis-1.4.01.jar:/home/akuzikov/.m2/repository/info/cukes/cucumber-core/1.2.5/cucumber-core-1.2.5.jar:/home/akuzikov/.m2/repository/info/cukes/cucumber-html/0.2.3/cucumber-html-0.2.3.jar:/home/akuzikov/.m2/repository/info/cukes/cucumber-jvm-deps/1.0.5/cucumber-jvm-deps-1.0.5.jar:/home/akuzikov/.m2/repository/info/cukes/gherkin/2.12.2/gherkin-2.12.2.jar:/home/akuzikov/.m2/repository/commons-logging/commons-logging/1.2/commons-logging-1.2.jar:/home/akuzikov/.m2/repository/org/mockito/mockito-core/1.10.19/mockito-core-1.10.19.jar:/home/akuzikov/.m2/repository/net/serenity-bdd/serenity-report-resources/1.2.2/serenity-report-resources-1.2.2.jar:/home/akuzikov/.m2/repository/com/google/code/gson/gson/2.6.1/gson-2.6.1.jar:/home/akuzikov/.m2/repository/commons-io/commons-io/2.5/commons-io-2.5.jar:/home/akuzikov/.m2/repository/com/opera/operadriver/1.5/operadriver-1.5.jar:/home/akuzikov/.m2/repository/com/opera/operalaunchers/1.1/operalaunchers-1.1.jar:/home/akuzikov/.m2/repository/com/google/protobuf/protobuf-java/2.4.1/protobuf-java-2.4.1.jar:/home/akuzikov/.m2/repository/commons-jxpath/commons-jxpath/1.3/commons-jxpath-1.3.jar:/home/akuzikov/.m2/repository/org/ini4j/ini4j/0.5.2/ini4j-0.5.2.jar:/home/akuzikov/.m2/repository/org/seleniumhq/selenium/selenium-server/2.53.1/selenium-server-2.53.1.jar:/home/akuzikov/.m2/repository/com/beust/jcommander/1.48/jcommander-1.48.jar:/home/akuzikov/.m2/repository/org/bouncycastle/bcprov-jdk15on/1.48/bcprov-jdk15on-1.48.jar:/home/akuzikov/.m2/repository/org/bouncycastle/bcpkix-jdk15on/1.48/bcpkix-jdk15on-1.48.jar:/home/akuzikov/.m2/repository/mx4j/mx4j-tools/3.0.1/mx4j-tools-3.0.1.jar:/home/akuzikov/.m2/repository/org/seleniumhq/selenium/jetty-repacked/9.2.13.v20150730/jetty-repacked-9.2.13.v20150730.jar:/home/akuzikov/.m2/repository/javax/servlet/javax.servlet-api/3.1.0/javax.servlet-api-3.1.0.jar:/home/akuzikov/.m2/repository/org/seleniumhq/selenium/jetty-rc-repacked/5/jetty-rc-repacked-5.jar:/home/akuzikov/.m2/repository/net/jcip/jcip-annotations/1.0/jcip-annotations-1.0.jar:/home/akuzikov/.m2/repository/org/yaml/snakeyaml/1.8/snakeyaml-1.8.jar:/home/akuzikov/.m2/repository/com/codeborne/phantomjsdriver/1.2.1/phantomjsdriver-1.2.1.jar:/home/akuzikov/.m2/repository/io/appium/java-client/4.0.0/java-client-4.0.0.jar:/home/akuzikov/.m2/repository/commons-validator/commons-validator/1.5.0/commons-validator-1.5.0.jar:/home/akuzikov/.m2/repository/commons-beanutils/commons-beanutils/1.9.2/commons-beanutils-1.9.2.jar:/home/akuzikov/.m2/repository/commons-digester/commons-digester/1.8.1/commons-digester-1.8.1.jar:/home/akuzikov/.m2/repository/org/codehaus/groovy/groovy/2.4.4/groovy-2.4.4.jar:/home/akuzikov/.m2/repository/net/sf/opencsv/opencsv/2.0/opencsv-2.0.jar:/home/akuzikov/.m2/repository/commons-beanutils/commons-beanutils-core/1.8.3/commons-beanutils-core-1.8.3.jar:/home/akuzikov/.m2/repository/joda-time/joda-time/2.7/joda-time-2.7.jar:/home/akuzikov/.m2/repository/com/thoughtworks/xstream/xstream/1.4.9/xstream-1.4.9.jar:/home/akuzikov/.m2/repository/xmlpull/xmlpull/1.1.3.1/xmlpull-1.1.3.1.jar:/home/akuzikov/.m2/repository/xpp3/xpp3_min/1.1.4c/xpp3_min-1.1.4c.jar:/home/akuzikov/.m2/repository/org/apache/commons/commons-lang3/3.4/commons-lang3-3.4.jar:/home/akuzikov/.m2/repository/commons-collections/commons-collections/3.2.2/commons-collections-3.2.2.jar:/home/akuzikov/.m2/repository/org/freemarker/freemarker/2.3.23/freemarker-2.3.23.jar:/home/akuzikov/.m2/repository/net/sourceforge/jexcelapi/jxl/2.6.12/jxl-2.6.12.jar:/home/akuzikov/.m2/repository/org/hamcrest/hamcrest-core/1.3/hamcrest-core-1.3.jar:/home/akuzikov/.m2/repository/org/hamcrest/hamcrest-library/1.3/hamcrest-library-1.3.jar:/home/akuzikov/.m2/repository/net/sourceforge/htmlunit/htmlunit/2.21/htmlunit-2.21.jar:/home/akuzikov/.m2/repository/net/sourceforge/htmlunit/htmlunit-core-js/2.17/htmlunit-core-js-2.17.jar:/home/akuzikov/.m2/repository/net/sourceforge/htmlunit/neko-htmlunit/2.21/neko-htmlunit-2.21.jar:/home/akuzikov/.m2/repository/xerces/xercesImpl/2.11.0/xercesImpl-2.11.0.jar:/home/akuzikov/.m2/repository/net/sourceforge/cssparser/cssparser/0.9.18/cssparser-0.9.18.jar:/home/akuzikov/.m2/repository/org/w3c/css/sac/1.3/sac-1.3.jar:/home/akuzikov/.m2/repository/org/eclipse/jetty/websocket/websocket-client/9.2.15.v20160210/websocket-client-9.2.15.v20160210.jar:/home/akuzikov/.m2/repository/org/eclipse/jetty/jetty-util/9.2.15.v20160210/jetty-util-9.2.15.v20160210.jar:/home/akuzikov/.m2/repository/org/eclipse/jetty/jetty-io/9.2.15.v20160210/jetty-io-9.2.15.v20160210.jar:/home/akuzikov/.m2/repository/org/eclipse/jetty/websocket/websocket-common/9.2.15.v20160210/websocket-common-9.2.15.v20160210.jar:/home/akuzikov/.m2/repository/org/eclipse/jetty/websocket/websocket-api/9.2.15.v20160210/websocket-api-9.2.15.v20160210.jar:/home/akuzikov/.m2/repository/org/apache/httpcomponents/httpclient/4.5.2/httpclient-4.5.2.jar:/home/akuzikov/.m2/repository/org/apache/httpcomponents/httpcore/4.4.4/httpcore-4.4.4.jar:/home/akuzikov/.m2/repository/org/apache/httpcomponents/httpmime/4.5.2/httpmime-4.5.2.jar:/home/akuzikov/.m2/repository/org/fluentlenium/fluentlenium-core/0.10.2/fluentlenium-core-0.10.2.jar:/home/akuzikov/.m2/repository/com/jhlabs/filters/2.0.235/filters-2.0.235.jar:/home/akuzikov/.m2/repository/org/asciidoctor/asciidoctor-java-integration/0.1.4/asciidoctor-java-integration-0.1.4.jar:/home/akuzikov/.m2/repository/org/jruby/jruby-complete/1.7.4/jruby-complete-1.7.4.jar:/home/akuzikov/.m2/repository/org/imgscalr/imgscalr-lib/4.2/imgscalr-lib-4.2.jar:/home/akuzikov/.m2/repository/javax/validation/validation-api/1.1.0.Final/validation-api-1.1.0.Final.jar:/home/akuzikov/.m2/repository/org/hibernate/hibernate-validator/5.1.1.Final/hibernate-validator-5.1.1.Final.jar:/home/akuzikov/.m2/repository/org/jboss/logging/jboss-logging/3.1.3.GA/jboss-logging-3.1.3.GA.jar:/home/akuzikov/.m2/repository/com/fasterxml/classmate/1.0.0/classmate-1.0.0.jar:/home/akuzikov/.m2/repository/javax/el/javax.el-api/2.2.4/javax.el-api-2.2.4.jar:/home/akuzikov/.m2/repository/org/glassfish/web/javax.el/2.2.4/javax.el-2.2.4.jar:/home/akuzikov/.m2/repository/xalan/xalan/2.7.2/xalan-2.7.2.jar:/home/akuzikov/.m2/repository/xalan/serializer/2.7.2/serializer-2.7.2.jar:/home/akuzikov/.m2/repository/com/jayway/awaitility/awaitility/1.6.3/awaitility-1.6.3.jar:/home/akuzikov/.m2/repository/com/typesafe/config/1.2.1/config-1.2.1.jar:/home/akuzikov/.m2/repository/org/jsoup/jsoup/1.9.2/jsoup-1.9.2.jar:/home/akuzikov/.m2/repository/com/google/jimfs/jimfs/1.0/jimfs-1.0.jar:/home/akuzikov/.m2/repository/es/nitaur/markdown/txtmark/0.16/txtmark-0.16.jar:/home/akuzikov/.m2/repository/net/serenity-bdd/serenity-cucumber/1.1.23/serenity-cucumber-1.1.23.jar:/home/akuzikov/.m2/repository/net/serenity-bdd/serenity-screenplay/1.2.2/serenity-screenplay-1.2.2.jar:/home/akuzikov/.m2/repository/net/serenity-bdd/serenity-screenplay-webdriver/1.2.2/serenity-screenplay-webdriver-1.2.2.jar:/home/akuzikov/.m2/repository/info/cukes/cucumber-java/1.2.5/cucumber-java-1.2.5.jar:/home/akuzikov/.m2/repository/info/cukes/cucumber-junit/1.2.5/cucumber-junit-1.2.5.jar:/home/akuzikov/.m2/repository/org/slf4j/slf4j-simple/1.7.23/slf4j-simple-1.7.23.jar:/home/akuzikov/.m2/repository/junit/junit/4.12/junit-4.12.jar:/home/akuzikov/.m2/repository/org/assertj/assertj-core/3.6.2/assertj-core-3.6.2.jar:/home/akuzikov/.m2/repository/com/googlecode/lambdaj/lambdaj/2.3.3/lambdaj-2.3.3.jar:/home/akuzikov/.m2/repository/org/hamcrest/hamcrest-all/1.1/hamcrest-all-1.1.jar:/home/akuzikov/.m2/repository/cglib/cglib-nodep/2.2/cglib-nodep-2.2.jar:/home/akuzikov/.m2/repository/org/seleniumhq/selenium/htmlunit-driver/2.20/htmlunit-driver-2.20.jar:/home/akuzikov/.m2/repository/org/apache/poi/poi/3.15/poi-3.15.jar:/home/akuzikov/.m2/repository/org/apache/commons/commons-collections4/4.1/commons-collections4-4.1.jar:"/>
    <property name="java.vm.vendor" value="Oracle Corporation"/>
    <property name="sun.arch.data.model" value="64"/>
    <property name="java.vendor.url" value="http://java.oracle.com/"/>
    <property name="user.timezone" value=""/>
    <property name="java.vm.specification.version" value="1.8"/>
    <property name="os.name" value="Linux"/>
    <property name="user.country" value="US"/>
    <property name="sun.java.launcher" value="SUN_STANDARD"/>
    <property name="sun.boot.library.path" value="/opt/jdk1.8.0_102/jre/lib/amd64"/>
    <property name="sun.java.command" value="/home/akuzikov/IdeaProjects/RealiseMecom/target/surefire/surefirebooter3334691647414910486.jar /home/akuzikov/IdeaProjects/RealiseMecom/target/surefire 2019-10-23T12-21-16_032-jvmRun1 surefire8808757085919235463tmp surefire_04263540173879644001tmp"/>
    <property name="surefire.test.class.path" value="/home/akuzikov/IdeaProjects/RealiseMecom/target/test-classes:/home/akuzikov/IdeaProjects/RealiseMecom/target/RealiseMe.com-1.0-SNAPSHOT.jar:/home/akuzikov/.m2/repository/org/seleniumhq/selenium/selenium-java/2.53.1/selenium-java-2.53.1.jar:/home/akuzikov/.m2/repository/org/seleniumhq/selenium/selenium-chrome-driver/2.53.1/selenium-chrome-driver-2.53.1.jar:/home/akuzikov/.m2/repository/org/seleniumhq/selenium/selenium-remote-driver/2.53.1/selenium-remote-driver-2.53.1.jar:/home/akuzikov/.m2/repository/org/seleniumhq/selenium/selenium-api/2.53.1/selenium-api-2.53.1.jar:/home/akuzikov/.m2/repository/org/seleniumhq/selenium/selenium-edge-driver/2.53.1/selenium-edge-driver-2.53.1.jar:/home/akuzikov/.m2/repository/org/apache/commons/commons-exec/1.3/commons-exec-1.3.jar:/home/akuzikov/.m2/repository/org/seleniumhq/selenium/selenium-firefox-driver/2.53.1/selenium-firefox-driver-2.53.1.jar:/home/akuzikov/.m2/repository/org/seleniumhq/selenium/selenium-ie-driver/2.53.1/selenium-ie-driver-2.53.1.jar:/home/akuzikov/.m2/repository/net/java/dev/jna/jna/4.1.0/jna-4.1.0.jar:/home/akuzikov/.m2/repository/net/java/dev/jna/jna-platform/4.1.0/jna-platform-4.1.0.jar:/home/akuzikov/.m2/repository/org/seleniumhq/selenium/selenium-safari-driver/2.53.1/selenium-safari-driver-2.53.1.jar:/home/akuzikov/.m2/repository/io/netty/netty/3.5.7.Final/netty-3.5.7.Final.jar:/home/akuzikov/.m2/repository/org/seleniumhq/selenium/selenium-support/2.53.1/selenium-support-2.53.1.jar:/home/akuzikov/.m2/repository/org/seleniumhq/selenium/selenium-leg-rc/2.53.1/selenium-leg-rc-2.53.1.jar:/home/akuzikov/.m2/repository/net/serenity-bdd/serenity-core/1.2.2/serenity-core-1.2.2.jar:/home/akuzikov/.m2/repository/com/google/guava/guava/19.0/guava-19.0.jar:/home/akuzikov/.m2/repository/com/google/code/findbugs/jsr305/3.0.1/jsr305-3.0.1.jar:/home/akuzikov/.m2/repository/com/google/inject/guice/3.0/guice-3.0.jar:/home/akuzikov/.m2/repository/javax/inject/javax.inject/1/javax.inject-1.jar:/home/akuzikov/.m2/repository/aopalliance/aopalliance/1.0/aopalliance-1.0.jar:/home/akuzikov/.m2/repository/cglib/cglib/3.1/cglib-3.1.jar:/home/akuzikov/.m2/repository/org/ow2/asm/asm/5.0.3/asm-5.0.3.jar:/home/akuzikov/.m2/repository/commons-codec/commons-codec/1.10/commons-codec-1.10.jar:/home/akuzikov/.m2/repository/org/objenesis/objenesis/2.1/objenesis-2.1.jar:/home/akuzikov/.m2/repository/org/slf4j/slf4j-api/1.7.21/slf4j-api-1.7.21.jar:/home/akuzikov/.m2/repository/xml-apis/xml-apis/1.4.01/xml-apis-1.4.01.jar:/home/akuzikov/.m2/repository/info/cukes/cucumber-core/1.2.5/cucumber-core-1.2.5.jar:/home/akuzikov/.m2/repository/info/cukes/cucumber-html/0.2.3/cucumber-html-0.2.3.jar:/home/akuzikov/.m2/repository/info/cukes/cucumber-jvm-deps/1.0.5/cucumber-jvm-deps-1.0.5.jar:/home/akuzikov/.m2/repository/info/cukes/gherkin/2.12.2/gherkin-2.12.2.jar:/home/akuzikov/.m2/repository/commons-logging/commons-logging/1.2/commons-logging-1.2.jar:/home/akuzikov/.m2/repository/org/mockito/mockito-core/1.10.19/mockito-core-1.10.19.jar:/home/akuzikov/.m2/repository/net/serenity-bdd/serenity-report-resources/1.2.2/serenity-report-resources-1.2.2.jar:/home/akuzikov/.m2/repository/com/google/code/gson/gson/2.6.1/gson-2.6.1.jar:/home/akuzikov/.m2/repository/commons-io/commons-io/2.5/commons-io-2.5.jar:/home/akuzikov/.m2/repository/com/opera/operadriver/1.5/operadriver-1.5.jar:/home/akuzikov/.m2/repository/com/opera/operalaunchers/1.1/operalaunchers-1.1.jar:/home/akuzikov/.m2/repository/com/google/protobuf/protobuf-java/2.4.1/protobuf-java-2.4.1.jar:/home/akuzikov/.m2/repository/commons-jxpath/commons-jxpath/1.3/commons-jxpath-1.3.jar:/home/akuzikov/.m2/repository/org/ini4j/ini4j/0.5.2/ini4j-0.5.2.jar:/home/akuzikov/.m2/repository/org/seleniumhq/selenium/selenium-server/2.53.1/selenium-server-2.53.1.jar:/home/akuzikov/.m2/repository/com/beust/jcommander/1.48/jcommander-1.48.jar:/home/akuzikov/.m2/repository/org/bouncycastle/bcprov-jdk15on/1.48/bcprov-jdk15on-1.48.jar:/home/akuzikov/.m2/repository/org/bouncycastle/bcpkix-jdk15on/1.48/bcpkix-jdk15on-1.48.jar:/home/akuzikov/.m2/repository/mx4j/mx4j-tools/3.0.1/mx4j-tools-3.0.1.jar:/home/akuzikov/.m2/repository/org/seleniumhq/selenium/jetty-repacked/9.2.13.v20150730/jetty-repacked-9.2.13.v20150730.jar:/home/akuzikov/.m2/repository/javax/servlet/javax.servlet-api/3.1.0/javax.servlet-api-3.1.0.jar:/home/akuzikov/.m2/repository/org/seleniumhq/selenium/jetty-rc-repacked/5/jetty-rc-repacked-5.jar:/home/akuzikov/.m2/repository/net/jcip/jcip-annotations/1.0/jcip-annotations-1.0.jar:/home/akuzikov/.m2/repository/org/yaml/snakeyaml/1.8/snakeyaml-1.8.jar:/home/akuzikov/.m2/repository/com/codeborne/phantomjsdriver/1.2.1/phantomjsdriver-1.2.1.jar:/home/akuzikov/.m2/repository/io/appium/java-client/4.0.0/java-client-4.0.0.jar:/home/akuzikov/.m2/repository/commons-validator/commons-validator/1.5.0/commons-validator-1.5.0.jar:/home/akuzikov/.m2/repository/commons-beanutils/commons-beanutils/1.9.2/commons-beanutils-1.9.2.jar:/home/akuzikov/.m2/repository/commons-digester/commons-digester/1.8.1/commons-digester-1.8.1.jar:/home/akuzikov/.m2/repository/org/codehaus/groovy/groovy/2.4.4/groovy-2.4.4.jar:/home/akuzikov/.m2/repository/net/sf/opencsv/opencsv/2.0/opencsv-2.0.jar:/home/akuzikov/.m2/repository/commons-beanutils/commons-beanutils-core/1.8.3/commons-beanutils-core-1.8.3.jar:/home/akuzikov/.m2/repository/joda-time/joda-time/2.7/joda-time-2.7.jar:/home/akuzikov/.m2/repository/com/thoughtworks/xstream/xstream/1.4.9/xstream-1.4.9.jar:/home/akuzikov/.m2/repository/xmlpull/xmlpull/1.1.3.1/xmlpull-1.1.3.1.jar:/home/akuzikov/.m2/repository/xpp3/xpp3_min/1.1.4c/xpp3_min-1.1.4c.jar:/home/akuzikov/.m2/repository/org/apache/commons/commons-lang3/3.4/commons-lang3-3.4.jar:/home/akuzikov/.m2/repository/commons-collections/commons-collections/3.2.2/commons-collections-3.2.2.jar:/home/akuzikov/.m2/repository/org/freemarker/freemarker/2.3.23/freemarker-2.3.23.jar:/home/akuzikov/.m2/repository/net/sourceforge/jexcelapi/jxl/2.6.12/jxl-2.6.12.jar:/home/akuzikov/.m2/repository/org/hamcrest/hamcrest-core/1.3/hamcrest-core-1.3.jar:/home/akuzikov/.m2/repository/org/hamcrest/hamcrest-library/1.3/hamcrest-library-1.3.jar:/home/akuzikov/.m2/repository/net/sourceforge/htmlunit/htmlunit/2.21/htmlunit-2.21.jar:/home/akuzikov/.m2/repository/net/sourceforge/htmlunit/htmlunit-core-js/2.17/htmlunit-core-js-2.17.jar:/home/akuzikov/.m2/repository/net/sourceforge/htmlunit/neko-htmlunit/2.21/neko-htmlunit-2.21.jar:/home/akuzikov/.m2/repository/xerces/xercesImpl/2.11.0/xercesImpl-2.11.0.jar:/home/akuzikov/.m2/repository/net/sourceforge/cssparser/cssparser/0.9.18/cssparser-0.9.18.jar:/home/akuzikov/.m2/repository/org/w3c/css/sac/1.3/sac-1.3.jar:/home/akuzikov/.m2/repository/org/eclipse/jetty/websocket/websocket-client/9.2.15.v20160210/websocket-client-9.2.15.v20160210.jar:/home/akuzikov/.m2/repository/org/eclipse/jetty/jetty-util/9.2.15.v20160210/jetty-util-9.2.15.v20160210.jar:/home/akuzikov/.m2/repository/org/eclipse/jetty/jetty-io/9.2.15.v20160210/jetty-io-9.2.15.v20160210.jar:/home/akuzikov/.m2/repository/org/eclipse/jetty/websocket/websocket-common/9.2.15.v20160210/websocket-common-9.2.15.v20160210.jar:/home/akuzikov/.m2/repository/org/eclipse/jetty/websocket/websocket-api/9.2.15.v20160210/websocket-api-9.2.15.v20160210.jar:/home/akuzikov/.m2/repository/org/apache/httpcomponents/httpclient/4.5.2/httpclient-4.5.2.jar:/home/akuzikov/.m2/repository/org/apache/httpcomponents/httpcore/4.4.4/httpcore-4.4.4.jar:/home/akuzikov/.m2/repository/org/apache/httpcomponents/httpmime/4.5.2/httpmime-4.5.2.jar:/home/akuzikov/.m2/repository/org/fluentlenium/fluentlenium-core/0.10.2/fluentlenium-core-0.10.2.jar:/home/akuzikov/.m2/repository/com/jhlabs/filters/2.0.235/filters-2.0.235.jar:/home/akuzikov/.m2/repository/org/asciidoctor/asciidoctor-java-integration/0.1.4/asciidoctor-java-integration-0.1.4.jar:/home/akuzikov/.m2/repository/org/jruby/jruby-complete/1.7.4/jruby-complete-1.7.4.jar:/home/akuzikov/.m2/repository/org/imgscalr/imgscalr-lib/4.2/imgscalr-lib-4.2.jar:/home/akuzikov/.m2/repository/javax/validation/validation-api/1.1.0.Final/validation-api-1.1.0.Final.jar:/home/akuzikov/.m2/repository/org/hibernate/hibernate-validator/5.1.1.Final/hibernate-validator-5.1.1.Final.jar:/home/akuzikov/.m2/repository/org/jboss/logging/jboss-logging/3.1.3.GA/jboss-logging-3.1.3.GA.jar:/home/akuzikov/.m2/repository/com/fasterxml/classmate/1.0.0/classmate-1.0.0.jar:/home/akuzikov/.m2/repository/javax/el/javax.el-api/2.2.4/javax.el-api-2.2.4.jar:/home/akuzikov/.m2/repository/org/glassfish/web/javax.el/2.2.4/javax.el-2.2.4.jar:/home/akuzikov/.m2/repository/xalan/xalan/2.7.2/xalan-2.7.2.jar:/home/akuzikov/.m2/repository/xalan/serializer/2.7.2/serializer-2.7.2.jar:/home/akuzikov/.m2/repository/com/jayway/awaitility/awaitility/1.6.3/awaitility-1.6.3.jar:/home/akuzikov/.m2/repository/com/typesafe/config/1.2.1/config-1.2.1.jar:/home/akuzikov/.m2/repository/org/jsoup/jsoup/1.9.2/jsoup-1.9.2.jar:/home/akuzikov/.m2/repository/com/google/jimfs/jimfs/1.0/jimfs-1.0.jar:/home/akuzikov/.m2/repository/es/nitaur/markdown/txtmark/0.16/txtmark-0.16.jar:/home/akuzikov/.m2/repository/net/serenity-bdd/serenity-cucumber/1.1.23/serenity-cucumber-1.1.23.jar:/home/akuzikov/.m2/repository/net/serenity-bdd/serenity-screenplay/1.2.2/serenity-screenplay-1.2.2.jar:/home/akuzikov/.m2/repository/net/serenity-bdd/serenity-screenplay-webdriver/1.2.2/serenity-screenplay-webdriver-1.2.2.jar:/home/akuzikov/.m2/repository/info/cukes/cucumber-java/1.2.5/cucumber-java-1.2.5.jar:/home/akuzikov/.m2/repository/info/cukes/cucumber-junit/1.2.5/cucumber-junit-1.2.5.jar:/home/akuzikov/.m2/repository/org/slf4j/slf4j-simple/1.7.23/slf4j-simple-1.7.23.jar:/home/akuzikov/.m2/repository/junit/junit/4.12/junit-4.12.jar:/home/akuzikov/.m2/repository/org/assertj/assertj-core/3.6.2/assertj-core-3.6.2.jar:/home/akuzikov/.m2/repository/com/googlecode/lambdaj/lambdaj/2.3.3/lambdaj-2.3.3.jar:/home/akuzikov/.m2/repository/org/hamcrest/hamcrest-all/1.1/hamcrest-all-1.1.jar:/home/akuzikov/.m2/repository/cglib/cglib-nodep/2.2/cglib-nodep-2.2.jar:/home/akuzikov/.m2/repository/org/seleniumhq/selenium/htmlunit-driver/2.20/htmlunit-driver-2.20.jar:/home/akuzikov/.m2/repository/org/apache/poi/poi/3.15/poi-3.15.jar:/home/akuzikov/.m2/repository/org/apache/commons/commons-collections4/4.1/commons-collections4-4.1.jar:"/>
    <property name="sun.cpu.endian" value="little"/>
    <property name="user.home" value="/home/akuzikov"/>
    <property name="user.language" value="en"/>
    <property name="java.specification.vendor" value="Oracle Corporation"/>
    <property name="java.home" value="/opt/jdk1.8.0_102/jre"/>
    <property name="basedir" value="/home/akuzikov/IdeaProjects/RealiseMecom"/>
    <property name="file.separator" value="/"/>
    <property name="line.separator" value="&#10;"/>
    <property name="idea.version2019.2.3" value="true"/>
    <property name="java.vm.specification.vendor" value="Oracle Corporation"/>
    <property name="java.specification.name" value="Java Platform API Specification"/>
    <property name="java.awt.graphicsenv" value="sun.awt.X11GraphicsEnvironment"/>
    <property name="surefire.real.class.path" value="/home/akuzikov/IdeaProjects/RealiseMecom/target/surefire/surefirebooter3334691647414910486.jar"/>
    <property name="sun.boot.class.path" value="/opt/jdk1.8.0_102/jre/lib/resources.jar:/opt/jdk1.8.0_102/jre/lib/rt.jar:/opt/jdk1.8.0_102/jre/lib/sunrsasign.jar:/opt/jdk1.8.0_102/jre/lib/jsse.jar:/opt/jdk1.8.0_102/jre/lib/jce.jar:/opt/jdk1.8.0_102/jre/lib/charsets.jar:/opt/jdk1.8.0_102/jre/lib/jfr.jar:/opt/jdk1.8.0_102/jre/classes"/>
    <property name="sun.management.compiler" value="HotSpot 64-Bit Tiered Compilers"/>
    <property name="java.runtime.version" value="1.8.0_102-b14"/>
    <property name="user.name" value="akuzikov"/>
    <property name="path.separator" value=":"/>
    <property name="os.version" value="4.4.0-166-generic"/>
    <property name="java.endorsed.dirs" value="/opt/jdk1.8.0_102/jre/lib/endorsed"/>
    <property name="java.runtime.name" value="Java(TM) SE Runtime Environment"/>
    <property name="file.encoding" value="UTF-8"/>
    <property name="java.vm.name" value="Java HotSpot(TM) 64-Bit Server VM"/>
    <property name="localRepository" value="/home/akuzikov/.m2/repository"/>
    <property name="java.vendor.url.bug" value="http://bugreport.sun.com/bugreport/"/>
    <property name="java.io.tmpdir" value="/tmp"/>
    <property name="java.version" value="1.8.0_102"/>
    <property name="user.dir" value="/home/akuzikov/IdeaProjects/RealiseMecom"/>
    <property name="os.arch" value="amd64"/>
    <property name="java.vm.specification.name" value="Java Virtual Machine Specification"/>
    <property name="java.awt.printerjob" value="sun.print.PSPrinterJob"/>
    <property name="sun.os.patch.level" value="unknown"/>
    <property name="java.library.path" value="/usr/java/packages/lib/amd64:/usr/lib64:/lib64:/lib:/usr/lib"/>
    <property name="java.vm.info" value="mixed mode"/>
    <property name="java.vendor" value="Oracle Corporation"/>
    <property name="java.vm.version" value="25.102-b14"/>
    <property name="java.ext.dirs" value="/opt/jdk1.8.0_102/jre/lib/ext:/usr/java/packages/lib/ext"/>
    <property name="sun.io.unicode.encoding" value="UnicodeLittle"/>
    <property name="java.class.version" value="52.0"/>
  </properties>
  <testcase name="Given open landing page" classname="Scenario: Create booking for agency" time="0.003"/>
  <testcase name="When click on the agree button at the banner" classname="Scenario: Create booking for agency" time="0"/>
  <testcase name="When Click on the login button" classname="Scenario: Create booking for agency" time="0"/>
  <testcase name="When Click on the &quot;Login as a school&quot; button" classname="Scenario: Create booking for agency" time="0"/>
  <testcase name="When Enter login &quot;newuatschool28@yopmail.com&quot;" classname="Scenario: Create booking for agency" time="0"/>
  <testcase name="When Enter password &quot;Test123!&quot;" classname="Scenario: Create booking for agency" time="0"/>
  <testcase name="When Click on the Log in button" classname="Scenario: Create booking for agency" time="0"/>
  <testcase name="When Click on the &quot;bookings&quot; button in the header" classname="Scenario: Create booking for agency" time="0"/>
  <testcase name="When Click on the &quot;New Supply Booking&quot; button" classname="Scenario: Create booking for agency" time="0"/>
  <testcase name="When Enter &quot;Booking for agency&quot; to the Name your job posting field" classname="Scenario: Create booking for agency" time="0"/>
  <testcase name="When Enter &quot;Booking Description&quot; to the Describe the job field" classname="Scenario: Create booking for agency" time="0.006"/>
  <testcase name="When Choose &quot;Teacher&quot; checkbox" classname="Scenario: Create booking for agency" time="0"/>
  <testcase name="When Choose &quot;TA&quot; checkbox" classname="Scenario: Create booking for agency" time="0"/>
  <testcase name="When Choose &quot;Select day(s) and half day(s)&quot; checkbox" classname="Scenario: Create booking for agency" time="0"/>
  <testcase name="When Choose full day &quot;24&quot; in the &quot;2&quot; month of available calendar" classname="Scenario: Create booking for agency" time="0"/>
  <testcase name="When Choose half day &quot;25&quot; in the &quot;2&quot; month of available calendar" classname="Scenario: Create booking for agency" time="0"/>
  <testcase name="When Choose full day start time &quot;8:00&quot;" classname="Scenario: Create booking for agency" time="0"/>
  <testcase name="When Choose full day end time &quot;17:00&quot;" classname="Scenario: Create booking for agency" time="0"/>
  <testcase name="When Choose half day start time &quot;11:00&quot;" classname="Scenario: Create booking for agency" time="0"/>
  <testcase name="When Choose half day end time &quot;15:00&quot;" classname="Scenario: Create booking for agency" time="0"/>
  <testcase name="When Click on the &quot;SHOW RESULTS&quot; button" classname="Scenario: Create booking for agency" time="0"/>
  <testcase name="When Click on the &quot;AGENCIES&quot; button" classname="Scenario: Create booking for agency" time="0.001"/>
  <testcase name="When Click on the Invite to job button at the teacher with &quot;AGENCY 18&quot; name" classname="Scenario: Create booking for agency" time="0"/>
  <testcase name="When Click on the &quot;Review Invitations&quot; button" classname="Scenario: Create booking for agency" time="0"/>
  <testcase name="When Click on the &quot;SEND&quot; button" classname="Scenario: Create booking for agency" time="0"/>
  <testcase name="When Click on the &quot;SEND&quot; button" classname="Scenario: Create booking for agency" time="0"/>
  <testcase name="When Click on the &quot;REVIEW INVITATIONS&quot; button" classname="Scenario: Create booking for agency" time="0"/>
  <testcase name="When Get names of teachers" classname="Scenario: Create booking for agency" time="0"/>
  <testcase name="When Click on the &quot;View all invites&quot; button" classname="Scenario: Create booking for agency" time="0"/>
  <testcase name="Scenario: Create booking for agency" classname="Scenario: Create booking for agency" time="0.597"/>
  <testcase name="Given open landing page" classname="Scenario: Accept booking as agency" time="0"/>
  <testcase name="When click on the agree button at the banner" classname="Scenario: Accept booking as agency" time="0"/>
  <testcase name="When Click on the login button" classname="Scenario: Accept booking as agency" time="0"/>
  <testcase name="When Click on the &quot;Login as an agency&quot; button" classname="Scenario: Accept booking as agency" time="0"/>
  <testcase name="When Enter login &quot;newagencyuat18@yopmail.com&quot;" classname="Scenario: Accept booking as agency" time="0"/>
  <testcase name="When Enter password &quot;Test123!&quot;" classname="Scenario: Accept booking as agency" time="0"/>
  <testcase name="When Click on the Log in button" classname="Scenario: Accept booking as agency" time="0"/>
  <testcase name="When Click on the &quot;bookings&quot; button in the header" classname="Scenario: Accept booking as agency" time="0"/>
  <testcase name="When Find invite with &quot;Booking for agency&quot; job title" classname="Scenario: Accept booking as agency" time="0"/>
  <testcase name="When Click on the &quot;accept&quot; button of the appropriate booking" classname="Scenario: Accept booking as agency" time="0"/>
  <testcase name="When Fill required fields" classname="Scenario: Accept booking as agency" time="0"/>
  <testcase name="When Upload &quot;Candidate Clearance Summary.pdf&quot; file" classname="Scenario: Accept booking as agency" time="0"/>
  <testcase name="When Choose &quot;I confirm that this teacher is fully cleared with DBS.&quot; checkbox" classname="Scenario: Accept booking as agency" time="0"/>
  <testcase name="When Choose &quot;I agree to RealiseMe&quot; policy checkbox" classname="Scenario: Accept booking as agency" time="0"/>
  <testcase name="When Click on the &quot;CONFIRM JOB&quot; button" classname="Scenario: Accept booking as agency" time="0"/>
  <testcase name="When wait time" classname="Scenario: Accept booking as agency" time="0"/>
  <testcase name="Scenario: Accept booking as agency" classname="Scenario: Accept booking as agency" time="0.147"/>
  <testcase name="Given open landing page" classname="Scenario: Approve booking as school" time="0"/>
  <testcase name="When click on the agree button at the banner" classname="Scenario: Approve booking as school" time="0"/>
  <testcase name="When Click on the login button" classname="Scenario: Approve booking as school" time="0"/>
  <testcase name="When Click on the &quot;Login as a school&quot; button" classname="Scenario: Approve booking as school" time="0"/>
  <testcase name="When Enter login &quot;newuatschool28@yopmail.com&quot;" classname="Scenario: Approve booking as school" time="0"/>
  <testcase name="When Enter password &quot;Test123!&quot;" classname="Scenario: Approve booking as school" time="0"/>
  <testcase name="When Click on the Log in button" classname="Scenario: Approve booking as school" time="0"/>
  <testcase name="When Click on the &quot;bookings&quot; button in the header" classname="Scenario: Approve booking as school" time="0"/>
  <testcase name="When Find accepted invite with &quot;Booking for agency&quot; job title" classname="Scenario: Approve booking as school" time="0"/>
  <testcase name="Then Entered &quot;Supply staff name&quot; teacher name is displayed" classname="Scenario: Approve booking as school" time="0"/>
  <testcase name="Then Attached &quot;Candidate Clearance Summary.pdf&quot; file is displayed" classname="Scenario: Approve booking as school" time="0"/>
  <testcase name="Then The &quot;162.27&quot; rate is displayed" classname="Scenario: Approve booking as school" time="0"/>
  <testcase name="When Approve appropriate booking" classname="Scenario: Approve booking as school" time="0.001"/>
  <testcase name="When wait time" classname="Scenario: Approve booking as school" time="0"/>
  <testcase name="Scenario: Approve booking as school" classname="Scenario: Approve booking as school" time="0.173"/>
  <testcase name="Given open landing page" classname="Scenario: Accept booking as agency and Decline booking as school" time="0.003"/>
  <testcase name="When click on the agree button at the banner" classname="Scenario: Accept booking as agency and Decline booking as school" time="0"/>
  <testcase name="When Click on the login button" classname="Scenario: Accept booking as agency and Decline booking as school" time="0"/>
  <testcase name="When Click on the login button" classname="Scenario: Accept booking as agency and Decline booking as school" time="0"/>
  <testcase name="When Click on the &quot;Login as an agency&quot; button" classname="Scenario: Accept booking as agency and Decline booking as school" time="0"/>
  <testcase name="When Enter login &quot;newagencyuat18@yopmail.com&quot;" classname="Scenario: Accept booking as agency and Decline booking as school" time="0"/>
  <testcase name="When Enter password &quot;Test123!&quot;" classname="Scenario: Accept booking as agency and Decline booking as school" time="0"/>
  <testcase name="When Enter password &quot;Test123!&quot;" classname="Scenario: Accept booking as agency and Decline booking as school" time="0"/>
  <testcase name="When Click on the Log in button" classname="Scenario: Accept booking as agency and Decline booking as school" time="0.001"/>
  <testcase name="When Click on the Log in button" classname="Scenario: Accept booking as agency and Decline booking as school" time="0"/>
  <testcase name="When Click on the &quot;bookings&quot; button in the header" classname="Scenario: Accept booking as agency and Decline booking as school" time="0"/>
  <testcase name="When Click on the &quot;bookings&quot; button in the header" classname="Scenario: Accept booking as agency and Decline booking as school" time="0.003"/>
  <testcase name="When Find invite with &quot;Booking for agency&quot; job title" classname="Scenario: Accept booking as agency and Decline booking as school" time="0"/>
  <testcase name="When Click on the &quot;accept&quot; button of the appropriate booking" classname="Scenario: Accept booking as agency and Decline booking as school" time="0"/>
  <testcase name="When Fill required fields" classname="Scenario: Accept booking as agency and Decline booking as school" time="0"/>
  <testcase name="When Upload &quot;Candidate Clearance Summary.pdf&quot; file" classname="Scenario: Accept booking as agency and Decline booking as school" time="0"/>
  <testcase name="When Choose &quot;I confirm that this teacher is fully cleared with DBS.&quot; checkbox" classname="Scenario: Accept booking as agency and Decline booking as school" time="0"/>
  <testcase name="When Choose &quot;I agree to RealiseMe&quot; policy checkbox" classname="Scenario: Accept booking as agency and Decline booking as school" time="0"/>
  <testcase name="When Click on the &quot;CONFIRM JOB&quot; button" classname="Scenario: Accept booking as agency and Decline booking as school" time="0"/>
  <testcase name="When wait time" classname="Scenario: Accept booking as agency and Decline booking as school" time="0"/>
  <testcase name="When wait time" classname="Scenario: Accept booking as agency and Decline booking as school" time="0"/>
  <testcase name="When Click on the arrow down button" classname="Scenario: Accept booking as agency and Decline booking as school" time="0"/>
  <testcase name="When Click on the LOGOUT button" classname="Scenario: Accept booking as agency and Decline booking as school" time="0"/>
  <testcase name="When Click on the &quot;Login as a school&quot; button" classname="Scenario: Accept booking as agency and Decline booking as school" time="0"/>
  <testcase name="When Enter login &quot;newuatschool28@yopmail.com&quot;" classname="Scenario: Accept booking as agency and Decline booking as school" time="0.001"/>
  <testcase name="When Find accepted invite with &quot;Booking for agency&quot; job title" classname="Scenario: Accept booking as agency and Decline booking as school" time="0"/>
  <testcase name="Then Entered &quot;Supply staff name&quot; teacher name is displayed" classname="Scenario: Accept booking as agency and Decline booking as school" time="0"/>
  <testcase name="Then Attached &quot;Candidate Clearance Summary.pdf&quot; file is displayed" classname="Scenario: Accept booking as agency and Decline booking as school" time="0"/>
  <testcase name="Then The &quot;162.27&quot; rate is displayed" classname="Scenario: Accept booking as agency and Decline booking as school" time="0"/>
  <testcase name="When Decline appropriate booking" classname="Scenario: Accept booking as agency and Decline booking as school" time="0"/>
  <testcase name="Scenario: Accept booking as agency and Decline booking as school" classname="Scenario: Accept booking as agency and Decline booking as school" time="0.104"/>
</testsuite>