<?xml version="1.0" encoding="UTF-8"?>
<testsuite xmlns:xsi="http://www.w3.org/2001/XMLSchema-instance" xsi:schemaLocation="https://maven.apache.org/surefire/maven-surefire-plugin/xsd/surefire-test-report.xsd" name="RealiseMe.com.DefinitionTestSuite" time="69.376" tests="54" errors="0" skipped="0" failures="0">
  <properties>
    <property name="idea.version" value="2017.2"/>
    <property name="java.runtime.name" value="Java(TM) SE Runtime Environment"/>
    <property name="sun.boot.library.path" value="/opt/jdk1.8.0_102/jre/lib/amd64"/>
    <property name="java.vm.version" value="25.102-b14"/>
    <property name="java.vm.vendor" value="Oracle Corporation"/>
    <property name="maven.multiModuleProjectDirectory" value="/home/akuzikov/IdeaProjects/RealiseMecom"/>
    <property name="java.vendor.url" value="http://java.oracle.com/"/>
    <property name="path.separator" value=":"/>
    <property name="guice.disable.misplaced.annotation.check" value="true"/>
    <property name="java.vm.name" value="Java HotSpot(TM) 64-Bit Server VM"/>
    <property name="file.encoding.pkg" value="sun.io"/>
    <property name="user.country" value="US"/>
    <property name="sun.java.launcher" value="SUN_STANDARD"/>
    <property name="sun.os.patch.level" value="unknown"/>
    <property name="java.vm.specification.name" value="Java Virtual Machine Specification"/>
    <property name="user.dir" value="/home/akuzikov/IdeaProjects/RealiseMecom"/>
    <property name="java.runtime.version" value="1.8.0_102-b14"/>
    <property name="java.awt.graphicsenv" value="sun.awt.X11GraphicsEnvironment"/>
    <property name="java.endorsed.dirs" value="/opt/jdk1.8.0_102/jre/lib/endorsed"/>
    <property name="os.arch" value="amd64"/>
    <property name="java.io.tmpdir" value="/tmp"/>
    <property name="line.separator" value="&#10;"/>
    <property name="java.vm.specification.vendor" value="Oracle Corporation"/>
    <property name="os.name" value="Linux"/>
    <property name="classworlds.conf" value="/opt/idea-IU-172.3317.76/plugins/maven/lib/maven3/bin/m2.conf"/>
    <property name="sun.jnu.encoding" value="UTF-8"/>
    <property name="java.library.path" value="/opt/idea-IU-172.3317.76/bin::/usr/java/packages/lib/amd64:/usr/lib64:/lib64:/lib:/usr/lib"/>
    <property name="java.specification.name" value="Java Platform API Specification"/>
    <property name="java.class.version" value="52.0"/>
    <property name="sun.management.compiler" value="HotSpot 64-Bit Tiered Compilers"/>
    <property name="os.version" value="4.4.0-116-generic"/>
    <property name="user.home" value="/home/akuzikov"/>
    <property name="user.timezone" value="Europe/Zaporozhye"/>
    <property name="java.awt.printerjob" value="sun.print.PSPrinterJob"/>
    <property name="java.specification.version" value="1.8"/>
    <property name="file.encoding" value="UTF-8"/>
    <property name="user.name" value="akuzikov"/>
    <property name="java.class.path" value="/opt/idea-IU-172.3317.76/plugins/maven/lib/maven3/boot/plexus-classworlds-2.5.2.jar:/opt/idea-IU-172.3317.76/lib/idea_rt.jar"/>
    <property name="java.vm.specification.version" value="1.8"/>
    <property name="sun.arch.data.model" value="64"/>
    <property name="java.home" value="/opt/jdk1.8.0_102/jre"/>
    <property name="sun.java.command" value="org.codehaus.classworlds.Launcher -Didea.version=2017.2 verify"/>
    <property name="java.specification.vendor" value="Oracle Corporation"/>
    <property name="user.language" value="en"/>
    <property name="awt.toolkit" value="sun.awt.X11.XToolkit"/>
    <property name="java.vm.info" value="mixed mode"/>
    <property name="java.version" value="1.8.0_102"/>
    <property name="java.ext.dirs" value="/opt/jdk1.8.0_102/jre/lib/ext:/usr/java/packages/lib/ext"/>
    <property name="securerandom.source" value="file:/dev/./urandom"/>
    <property name="sun.boot.class.path" value="/opt/jdk1.8.0_102/jre/lib/resources.jar:/opt/jdk1.8.0_102/jre/lib/rt.jar:/opt/jdk1.8.0_102/jre/lib/sunrsasign.jar:/opt/jdk1.8.0_102/jre/lib/jsse.jar:/opt/jdk1.8.0_102/jre/lib/jce.jar:/opt/jdk1.8.0_102/jre/lib/charsets.jar:/opt/jdk1.8.0_102/jre/lib/jfr.jar:/opt/jdk1.8.0_102/jre/classes"/>
    <property name="java.vendor" value="Oracle Corporation"/>
    <property name="maven.home" value="/opt/idea-IU-172.3317.76/plugins/maven/lib/maven3"/>
    <property name="file.separator" value="/"/>
    <property name="java.vendor.url.bug" value="http://bugreport.sun.com/bugreport/"/>
    <property name="sun.cpu.endian" value="little"/>
    <property name="sun.io.unicode.encoding" value="UnicodeLittle"/>
    <property name="sun.desktop" value="gnome"/>
    <property name="sun.cpu.isalist" value=""/>
  </properties>
  <testcase name="Given open landing page" classname="Scenario: Header contains all necessary elements" time="0"/>
  <testcase name="When Click on the login button" classname="Scenario: Header contains all necessary elements" time="0"/>
  <testcase name="When Click on the sign in teacher button" classname="Scenario: Header contains all necessary elements" time="0"/>
  <testcase name="When Enter login &quot;satintest1+teacherSupply@gmail.com&quot;" classname="Scenario: Header contains all necessary elements" time="0"/>
  <testcase name="When Enter password &quot;Test123!&quot;" classname="Scenario: Header contains all necessary elements" time="0.009"/>
  <testcase name="When Click on the Log in button" classname="Scenario: Header contains all necessary elements" time="0"/>
  <testcase name="Then Header contains textbuttons:" classname="Scenario: Header contains all necessary elements" time="0"/>
  <testcase name="Then Header contains bell icon" classname="Scenario: Header contains all necessary elements" time="0"/>
  <testcase name="Then Header contains user photo icon" classname="Scenario: Header contains all necessary elements" time="0"/>
  <testcase name="Then Header contains user name &quot;Severus Snape&quot;" classname="Scenario: Header contains all necessary elements" time="0"/>
  <testcase name="Then Header contains arrow down button" classname="Scenario: Header contains all necessary elements" time="0.001"/>
  <testcase name="When Close window" classname="Scenario: Header contains all necessary elements" time="0"/>
  <testcase name="Scenario: Header contains all necessary elements" classname="Scenario: Header contains all necessary elements" time="0.552"/>
  <testcase name="Given open landing page" classname="Scenario: Logout" time="0"/>
  <testcase name="When Click on the login button" classname="Scenario: Logout" time="0"/>
  <testcase name="When Click on the sign in teacher button" classname="Scenario: Logout" time="0"/>
  <testcase name="When Enter login &quot;satintest1+teacherSupply@gmail.com&quot;" classname="Scenario: Logout" time="0"/>
  <testcase name="When Enter password &quot;Test123!&quot;" classname="Scenario: Logout" time="0"/>
  <testcase name="When Click on the Log in button" classname="Scenario: Logout" time="0"/>
  <testcase name="When Click on the arrow down button" classname="Scenario: Logout" time="0"/>
  <testcase name="When Click on the LOGOUT button" classname="Scenario: Logout" time="0"/>
  <testcase name="Then User is logout" classname="Scenario: Logout" time="0"/>
  <testcase name="When Close window" classname="Scenario: Logout" time="0"/>
  <testcase name="Scenario: Logout" classname="Scenario: Logout" time="0.053"/>
  <testcase name="Given open landing page" classname="Scenario: Left column contains all necessary elements" time="0"/>
  <testcase name="When Click on the login button" classname="Scenario: Left column contains all necessary elements" time="0"/>
  <testcase name="When Click on the sign in teacher button" classname="Scenario: Left column contains all necessary elements" time="0"/>
  <testcase name="When Enter login &quot;satintest1+teacherSupply@gmail.com&quot;" classname="Scenario: Left column contains all necessary elements" time="0"/>
  <testcase name="When Enter password &quot;Test123!&quot;" classname="Scenario: Left column contains all necessary elements" time="0"/>
  <testcase name="When Click on the Log in button" classname="Scenario: Left column contains all necessary elements" time="0"/>
  <testcase name="Then Supply Teacher&apos;s Left panel contains all necessary elements:" classname="Scenario: Left column contains all necessary elements" time="0"/>
  <testcase name="When Close window" classname="Scenario: Left column contains all necessary elements" time="0"/>
  <testcase name="Scenario: Left column contains all necessary elements" classname="Scenario: Left column contains all necessary elements" time="0.041"/>
  <testcase name="Given open landing page" classname="Scenario: Recent Invites table contains all necessary elements" time="0"/>
  <testcase name="When Click on the login button" classname="Scenario: Recent Invites table contains all necessary elements" time="0"/>
  <testcase name="When Click on the sign in teacher button" classname="Scenario: Recent Invites table contains all necessary elements" time="0"/>
  <testcase name="When Enter login &quot;satintest1+teacherSupply@gmail.com&quot;" classname="Scenario: Recent Invites table contains all necessary elements" time="0"/>
  <testcase name="When Enter password &quot;Test123!&quot;" classname="Scenario: Recent Invites table contains all necessary elements" time="0"/>
  <testcase name="When Click on the Log in button" classname="Scenario: Recent Invites table contains all necessary elements" time="0"/>
  <testcase name="Then First table contains &quot;Recent Invites&quot; title" classname="Scenario: Recent Invites table contains all necessary elements" time="0"/>
  <testcase name="Then Table contains &quot;view all&quot; button" classname="Scenario: Recent Invites table contains all necessary elements" time="0"/>
  <testcase name="Then Teacher Supply first Table contains next columns:" classname="Scenario: Recent Invites table contains all necessary elements" time="0"/>
  <testcase name="Then The five lines in the table are displayed" classname="Scenario: Recent Invites table contains all necessary elements" time="0"/>
  <testcase name="Scenario: Recent Invites table contains all necessary elements" classname="Scenario: Recent Invites table contains all necessary elements" time="0.101"/>
  <testcase name="Given open landing page" classname="Scenario: Recent active bookings  table contains all necessary elements" time="0"/>
  <testcase name="When Click on the login button" classname="Scenario: Recent active bookings  table contains all necessary elements" time="0"/>
  <testcase name="When Click on the sign in teacher button" classname="Scenario: Recent active bookings  table contains all necessary elements" time="0"/>
  <testcase name="When Enter login &quot;satintest1+teacherSupply@gmail.com&quot;" classname="Scenario: Recent active bookings  table contains all necessary elements" time="0"/>
  <testcase name="When Enter password &quot;Test123!&quot;" classname="Scenario: Recent active bookings  table contains all necessary elements" time="0"/>
  <testcase name="When Click on the Log in button" classname="Scenario: Recent active bookings  table contains all necessary elements" time="0"/>
  <testcase name="Then Second table contains &quot;Recent active bookings&quot; title" classname="Scenario: Recent active bookings  table contains all necessary elements" time="0"/>
  <testcase name="Then Table contains &quot;view all&quot; button" classname="Scenario: Recent active bookings  table contains all necessary elements" time="0.001"/>
  <testcase name="Then The five lines in the table are displayed" classname="Scenario: Recent active bookings  table contains all necessary elements" time="0"/>
  <testcase name="Scenario: Recent active bookings  table contains all necessary elements" classname="Scenario: Recent active bookings  table contains all necessary elements" time="0.088"/>
</testsuite>